<?xml version="1.0" encoding="UTF-8"?>
<robot generator="Robot 6.0.1 (Python 3.11.0 on darwin)" generated="20221129 23:45:26.051" rpa="false" schemaversion="3">
<suite id="s1" name="Challenge Elvira Robotframework" source="/Users/elvira/Documents/GitHub/challenge_elvira_robotframework">
<suite id="s1-s1" name="Test Scouts Panel App" source="/Users/elvira/Documents/GitHub/challenge_elvira_robotframework/test_scouts_panel_app.robot">
<test id="s1-s1-t1" name="Login to the system with valid user data" line="41">
<kw name="Open login page">
<kw name="Open Browser" library="SeleniumLibrary">
<arg>${LOGIN URL}</arg>
<arg>${BROWSER}</arg>
<doc>Opens a new browser instance to the optional ``url``.</doc>
<msg timestamp="20221129 23:45:26.387" level="INFO">Opening browser 'Chrome' to base url 'https://scouts-test.futbolkolektyw.pl/en'.</msg>
<status status="PASS" starttime="20221129 23:45:26.387" endtime="20221129 23:45:31.467"/>
</kw>
<kw name="Title Should Be" library="SeleniumLibrary">
<arg>Scouts panel - sign in</arg>
<doc>Verifies that the current page title equals ``title``.</doc>
<msg timestamp="20221129 23:45:31.476" level="INFO">Page title is 'Scouts panel - sign in'.</msg>
<status status="PASS" starttime="20221129 23:45:31.468" endtime="20221129 23:45:31.477"/>
</kw>
<status status="PASS" starttime="20221129 23:45:26.386" endtime="20221129 23:45:31.477"/>
</kw>
<kw name="Type in email">
<kw name="Input Text" library="SeleniumLibrary">
<arg>${LOGININPUT}</arg>
<arg>user07@getnada.com</arg>
<doc>Types the given ``text`` into the text field identified by ``locator``.</doc>
<msg timestamp="20221129 23:45:31.478" level="INFO">Typing text 'user07@getnada.com' into text field 'xpath=//*[@id='login']'.</msg>
<status status="PASS" starttime="20221129 23:45:31.477" endtime="20221129 23:45:31.876"/>
</kw>
<status status="PASS" starttime="20221129 23:45:31.477" endtime="20221129 23:45:31.877"/>
</kw>
<kw name="Type in password">
<kw name="Input Text" library="SeleniumLibrary">
<arg>${PASSWORDINPUT}</arg>
<arg>Test-1234</arg>
<doc>Types the given ``text`` into the text field identified by ``locator``.</doc>
<msg timestamp="20221129 23:45:31.878" level="INFO">Typing text 'Test-1234' into text field 'xpath=//*[@id='password']'.</msg>
<status status="PASS" starttime="20221129 23:45:31.877" endtime="20221129 23:45:32.051"/>
</kw>
<status status="PASS" starttime="20221129 23:45:31.877" endtime="20221129 23:45:32.051"/>
</kw>
<kw name="Click on the Signin Button">
<kw name="Click Element" library="SeleniumLibrary">
<arg>${SIGNINBUTTON}</arg>
<doc>Click the element identified by ``locator``.</doc>
<msg timestamp="20221129 23:45:32.053" level="INFO">Clicking element 'xpath=//button[@type='submit']'.</msg>
<status status="PASS" starttime="20221129 23:45:32.052" endtime="20221129 23:45:32.145"/>
</kw>
<status status="PASS" starttime="20221129 23:45:32.051" endtime="20221129 23:45:32.145"/>
</kw>
<kw name="Assert Dashboard">
<kw name="Wait Until Element Is Visible" library="SeleniumLibrary">
<arg>${PAGELOGO}</arg>
<doc>Waits until the element ``locator`` is visible.</doc>
<status status="PASS" starttime="20221129 23:45:32.146" endtime="20221129 23:45:33.403"/>
</kw>
<kw name="Title Should Be" library="SeleniumLibrary">
<arg>Scouts panel</arg>
<doc>Verifies that the current page title equals ``title``.</doc>
<msg timestamp="20221129 23:45:33.412" level="INFO">Page title is 'Scouts panel'.</msg>
<status status="PASS" starttime="20221129 23:45:33.403" endtime="20221129 23:45:33.412"/>
</kw>
<kw name="Capture Page Screenshot" library="SeleniumLibrary">
<arg>screenshots/dashboard.png</arg>
<doc>Takes a screenshot of the current page and embeds it into a log file.</doc>
<msg timestamp="20221129 23:45:33.750" level="INFO" html="true">&lt;/td&gt;&lt;/tr&gt;&lt;tr&gt;&lt;td colspan="3"&gt;&lt;a href="screenshots/dashboard.png"&gt;&lt;img src="screenshots/dashboard.png" width="800px"&gt;&lt;/a&gt;</msg>
<status status="PASS" starttime="20221129 23:45:33.413" endtime="20221129 23:45:33.750"/>
</kw>
<status status="PASS" starttime="20221129 23:45:32.145" endtime="20221129 23:45:33.750"/>
</kw>
<kw name="Close Browser" library="SeleniumLibrary" type="TEARDOWN">
<doc>Closes the current browser.</doc>
<status status="PASS" starttime="20221129 23:45:33.751" endtime="20221129 23:45:33.937"/>
</kw>
<status status="PASS" starttime="20221129 23:45:26.386" endtime="20221129 23:45:33.937"/>
</test>
<test id="s1-s1-t2" name="Login to the system with invalid user data" line="49">
<kw name="Open login page">
<kw name="Open Browser" library="SeleniumLibrary">
<arg>${LOGIN URL}</arg>
<arg>${BROWSER}</arg>
<doc>Opens a new browser instance to the optional ``url``.</doc>
<msg timestamp="20221129 23:45:33.953" level="INFO">Opening browser 'Chrome' to base url 'https://scouts-test.futbolkolektyw.pl/en'.</msg>
<status status="PASS" starttime="20221129 23:45:33.950" endtime="20221129 23:45:38.080"/>
</kw>
<kw name="Title Should Be" library="SeleniumLibrary">
<arg>Scouts panel - sign in</arg>
<doc>Verifies that the current page title equals ``title``.</doc>
<msg timestamp="20221129 23:45:38.091" level="INFO">Page title is 'Scouts panel - sign in'.</msg>
<status status="PASS" starttime="20221129 23:45:38.080" endtime="20221129 23:45:38.091"/>
</kw>
<status status="PASS" starttime="20221129 23:45:33.947" endtime="20221129 23:45:38.091"/>
</kw>
<kw name="Type in invalid email">
<kw name="Input Text" library="SeleniumLibrary">
<arg>${LOGININPUT}</arg>
<arg>abcd@abcd.com</arg>
<doc>Types the given ``text`` into the text field identified by ``locator``.</doc>
<msg timestamp="20221129 23:45:38.092" level="INFO">Typing text 'abcd@abcd.com' into text field 'xpath=//*[@id='login']'.</msg>
<status status="PASS" starttime="20221129 23:45:38.091" endtime="20221129 23:45:38.409"/>
</kw>
<status status="PASS" starttime="20221129 23:45:38.091" endtime="20221129 23:45:38.409"/>
</kw>
<kw name="Type in invalid password">
<kw name="Input Text" library="SeleniumLibrary">
<arg>${PASSWORDINPUT}</arg>
<arg>123456789abcd</arg>
<doc>Types the given ``text`` into the text field identified by ``locator``.</doc>
<msg timestamp="20221129 23:45:38.411" level="INFO">Typing text '123456789abcd' into text field 'xpath=//*[@id='password']'.</msg>
<status status="PASS" starttime="20221129 23:45:38.410" endtime="20221129 23:45:38.609"/>
</kw>
<status status="PASS" starttime="20221129 23:45:38.409" endtime="20221129 23:45:38.609"/>
</kw>
<kw name="Click on the Signin Button">
<kw name="Click Element" library="SeleniumLibrary">
<arg>${SIGNINBUTTON}</arg>
<doc>Click the element identified by ``locator``.</doc>
<msg timestamp="20221129 23:45:38.613" level="INFO">Clicking element 'xpath=//button[@type='submit']'.</msg>
<status status="PASS" starttime="20221129 23:45:38.613" endtime="20221129 23:45:38.701"/>
</kw>
<status status="PASS" starttime="20221129 23:45:38.610" endtime="20221129 23:45:38.701"/>
</kw>
<kw name="Assert validation message">
<kw name="Wait Until Element Is Visible" library="SeleniumLibrary">
<arg>${DATA VALIDATION MESSAGE}</arg>
<doc>Waits until the element ``locator`` is visible.</doc>
<status status="PASS" starttime="20221129 23:45:38.702" endtime="20221129 23:45:38.956"/>
</kw>
<kw name="Element Text Should Be" library="SeleniumLibrary">
<arg>${DATA VALIDATION MESSAGE}</arg>
<arg>Identifier or password invalid.</arg>
<doc>Verifies that element ``locator`` contains exact the text ``expected``.</doc>
<msg timestamp="20221129 23:45:38.957" level="INFO">Verifying element 'xpath=//*[contains(text(),'password invalid')]' contains exact text 'Identifier or password invalid.'.</msg>
<status status="PASS" starttime="20221129 23:45:38.956" endtime="20221129 23:45:39.001"/>
</kw>
<kw name="Capture Page Screenshot" library="SeleniumLibrary">
<arg>screenshots/login_page_validation_message.png</arg>
<doc>Takes a screenshot of the current page and embeds it into a log file.</doc>
<msg timestamp="20221129 23:45:39.358" level="INFO" html="true">&lt;/td&gt;&lt;/tr&gt;&lt;tr&gt;&lt;td colspan="3"&gt;&lt;a href="screenshots/login_page_validation_message.png"&gt;&lt;img src="screenshots/login_page_validation_message.png" width="800px"&gt;&lt;/a&gt;</msg>
<status status="PASS" starttime="20221129 23:45:39.001" endtime="20221129 23:45:39.359"/>
</kw>
<status status="PASS" starttime="20221129 23:45:38.701" endtime="20221129 23:45:39.359"/>
</kw>
<kw name="Close Browser" library="SeleniumLibrary" type="TEARDOWN">
<doc>Closes the current browser.</doc>
<status status="PASS" starttime="20221129 23:45:39.359" endtime="20221129 23:45:39.537"/>
</kw>
<status status="PASS" starttime="20221129 23:45:33.940" endtime="20221129 23:45:39.538"/>
</test>
<test id="s1-s1-t3" name="Login to the system with empty email and password" line="57">
<kw name="Open login page">
<kw name="Open Browser" library="SeleniumLibrary">
<arg>${LOGIN URL}</arg>
<arg>${BROWSER}</arg>
<doc>Opens a new browser instance to the optional ``url``.</doc>
<msg timestamp="20221129 23:45:39.550" level="INFO">Opening browser 'Chrome' to base url 'https://scouts-test.futbolkolektyw.pl/en'.</msg>
<status status="PASS" starttime="20221129 23:45:39.548" endtime="20221129 23:45:42.875"/>
</kw>
<kw name="Title Should Be" library="SeleniumLibrary">
<arg>Scouts panel - sign in</arg>
<doc>Verifies that the current page title equals ``title``.</doc>
<msg timestamp="20221129 23:45:42.884" level="INFO">Page title is 'Scouts panel - sign in'.</msg>
<status status="PASS" starttime="20221129 23:45:42.875" endtime="20221129 23:45:42.884"/>
</kw>
<status status="PASS" starttime="20221129 23:45:39.547" endtime="20221129 23:45:42.884"/>
</kw>
<kw name="Click on the Signin Button">
<kw name="Click Element" library="SeleniumLibrary">
<arg>${SIGNINBUTTON}</arg>
<doc>Click the element identified by ``locator``.</doc>
<msg timestamp="20221129 23:45:42.886" level="INFO">Clicking element 'xpath=//button[@type='submit']'.</msg>
<status status="PASS" starttime="20221129 23:45:42.885" endtime="20221129 23:45:42.979"/>
</kw>
<status status="PASS" starttime="20221129 23:45:42.884" endtime="20221129 23:45:42.980"/>
</kw>
<kw name="Assert empty data message">
<kw name="Wait Until Element Is Visible" library="SeleniumLibrary">
<arg>${DATA EMPTY MESSAGE}</arg>
<doc>Waits until the element ``locator`` is visible.</doc>
<status status="PASS" starttime="20221129 23:45:42.982" endtime="20221129 23:45:43.224"/>
</kw>
<kw name="Element Text Should Be" library="SeleniumLibrary">
<arg>${DATA EMPTY MESSAGE}</arg>
<arg>Please provide your username or your e-mail.</arg>
<doc>Verifies that element ``locator`` contains exact the text ``expected``.</doc>
<msg timestamp="20221129 23:45:43.225" level="INFO">Verifying element 'xpath=//*[contains(text(),'provide your username')]' contains exact text 'Please provide your username or your e-mail.'.</msg>
<status status="PASS" starttime="20221129 23:45:43.224" endtime="20221129 23:45:43.256"/>
</kw>
<kw name="Capture Page Screenshot" library="SeleniumLibrary">
<arg>screenshots/login_page_empty_data_message.png</arg>
<doc>Takes a screenshot of the current page and embeds it into a log file.</doc>
<msg timestamp="20221129 23:45:43.584" level="INFO" html="true">&lt;/td&gt;&lt;/tr&gt;&lt;tr&gt;&lt;td colspan="3"&gt;&lt;a href="screenshots/login_page_empty_data_message.png"&gt;&lt;img src="screenshots/login_page_empty_data_message.png" width="800px"&gt;&lt;/a&gt;</msg>
<status status="PASS" starttime="20221129 23:45:43.257" endtime="20221129 23:45:43.584"/>
</kw>
<status status="PASS" starttime="20221129 23:45:42.981" endtime="20221129 23:45:43.585"/>
</kw>
<kw name="Close Browser" library="SeleniumLibrary" type="TEARDOWN">
<doc>Closes the current browser.</doc>
<status status="PASS" starttime="20221129 23:45:43.585" endtime="20221129 23:45:43.753"/>
</kw>
<status status="PASS" starttime="20221129 23:45:39.541" endtime="20221129 23:45:43.754"/>
</test>
<test id="s1-s1-t4" name="Test remind password on Log in page" line="63">
<kw name="Open login page">
<kw name="Open Browser" library="SeleniumLibrary">
<arg>${LOGIN URL}</arg>
<arg>${BROWSER}</arg>
<doc>Opens a new browser instance to the optional ``url``.</doc>
<msg timestamp="20221129 23:45:43.757" level="INFO">Opening browser 'Chrome' to base url 'https://scouts-test.futbolkolektyw.pl/en'.</msg>
<status status="PASS" starttime="20221129 23:45:43.756" endtime="20221129 23:45:47.104"/>
</kw>
<kw name="Title Should Be" library="SeleniumLibrary">
<arg>Scouts panel - sign in</arg>
<doc>Verifies that the current page title equals ``title``.</doc>
<msg timestamp="20221129 23:45:47.110" level="INFO">Page title is 'Scouts panel - sign in'.</msg>
<status status="PASS" starttime="20221129 23:45:47.105" endtime="20221129 23:45:47.111"/>
</kw>
<status status="PASS" starttime="20221129 23:45:43.755" endtime="20221129 23:45:47.111"/>
</kw>
<kw name="Click on the Remind Password link">
<kw name="Click Element" library="SeleniumLibrary">
<arg>${REMIND PASSWORD HYPERLINK}</arg>
<doc>Click the element identified by ``locator``.</doc>
<msg timestamp="20221129 23:45:47.116" level="INFO">Clicking element 'xpath=//child::div/a'.</msg>
<status status="PASS" starttime="20221129 23:45:47.112" endtime="20221129 23:45:47.190"/>
</kw>
<status status="PASS" starttime="20221129 23:45:47.112" endtime="20221129 23:45:47.190"/>
</kw>
<kw name="Assert Remind Password page">
<kw name="Wait Until Element Is Visible" library="SeleniumLibrary">
<arg>${REMIND PASSWORD TITLE}</arg>
<doc>Waits until the element ``locator`` is visible.</doc>
<status status="PASS" starttime="20221129 23:45:47.191" endtime="20221129 23:45:47.258"/>
</kw>
<kw name="Title Should Be" library="SeleniumLibrary">
<arg>Remind password</arg>
<doc>Verifies that the current page title equals ``title``.</doc>
<msg timestamp="20221129 23:45:47.272" level="INFO">Page title is 'Remind password'.</msg>
<status status="PASS" starttime="20221129 23:45:47.259" endtime="20221129 23:45:47.273"/>
</kw>
<kw name="Capture Page Screenshot" library="SeleniumLibrary">
<arg>screenshots/remind_password_page.png</arg>
<doc>Takes a screenshot of the current page and embeds it into a log file.</doc>
<msg timestamp="20221129 23:45:47.561" level="INFO" html="true">&lt;/td&gt;&lt;/tr&gt;&lt;tr&gt;&lt;td colspan="3"&gt;&lt;a href="screenshots/remind_password_page.png"&gt;&lt;img src="screenshots/remind_password_page.png" width="800px"&gt;&lt;/a&gt;</msg>
<status status="PASS" starttime="20221129 23:45:47.273" endtime="20221129 23:45:47.561"/>
</kw>
<status status="PASS" starttime="20221129 23:45:47.190" endtime="20221129 23:45:47.561"/>
</kw>
<kw name="Close Browser" library="SeleniumLibrary" type="TEARDOWN">
<doc>Closes the current browser.</doc>
<status status="PASS" starttime="20221129 23:45:47.562" endtime="20221129 23:45:47.710"/>
</kw>
<status status="PASS" starttime="20221129 23:45:43.754" endtime="20221129 23:45:47.710"/>
</test>
<test id="s1-s1-t5" name="Send email on remind password page" line="69">
<kw name="Open login page">
<kw name="Open Browser" library="SeleniumLibrary">
<arg>${LOGIN URL}</arg>
<arg>${BROWSER}</arg>
<doc>Opens a new browser instance to the optional ``url``.</doc>
<msg timestamp="20221129 23:45:47.716" level="INFO">Opening browser 'Chrome' to base url 'https://scouts-test.futbolkolektyw.pl/en'.</msg>
<status status="PASS" starttime="20221129 23:45:47.713" endtime="20221129 23:45:51.063"/>
</kw>
<kw name="Title Should Be" library="SeleniumLibrary">
<arg>Scouts panel - sign in</arg>
<doc>Verifies that the current page title equals ``title``.</doc>
<msg timestamp="20221129 23:45:51.073" level="INFO">Page title is 'Scouts panel - sign in'.</msg>
<status status="PASS" starttime="20221129 23:45:51.063" endtime="20221129 23:45:51.073"/>
</kw>
<status status="PASS" starttime="20221129 23:45:47.712" endtime="20221129 23:45:51.073"/>
</kw>
<kw name="Click on the Remind Password link">
<kw name="Click Element" library="SeleniumLibrary">
<arg>${REMIND PASSWORD HYPERLINK}</arg>
<doc>Click the element identified by ``locator``.</doc>
<msg timestamp="20221129 23:45:51.075" level="INFO">Clicking element 'xpath=//child::div/a'.</msg>
<status status="PASS" starttime="20221129 23:45:51.074" endtime="20221129 23:45:51.175"/>
</kw>
<status status="PASS" starttime="20221129 23:45:51.074" endtime="20221129 23:45:51.176"/>
</kw>
<kw name="Type in remember email">
<kw name="Input Text" library="SeleniumLibrary">
<arg>${EMAIL INPUT}</arg>
<arg>test@abc.com</arg>
<doc>Types the given ``text`` into the text field identified by ``locator``.</doc>
<msg timestamp="20221129 23:45:51.178" level="INFO">Typing text 'test@abc.com' into text field 'xpath=//input[@name='email']'.</msg>
<status status="PASS" starttime="20221129 23:45:51.177" endtime="20221129 23:45:51.508"/>
</kw>
<status status="PASS" starttime="20221129 23:45:51.176" endtime="20221129 23:45:51.508"/>
</kw>
<kw name="Click on the Send Button">
<kw name="Click Element" library="SeleniumLibrary">
<arg>${SEND BUTTON}</arg>
<doc>Click the element identified by ``locator``.</doc>
<msg timestamp="20221129 23:45:51.510" level="INFO">Clicking element 'xpath=//button[@type='submit']'.</msg>
<status status="PASS" starttime="20221129 23:45:51.509" endtime="20221129 23:45:51.591"/>
</kw>
<status status="PASS" starttime="20221129 23:45:51.508" endtime="20221129 23:45:51.591"/>
</kw>
<kw name="Assert Successfull message">
<kw name="Wait Until Element Is Visible" library="SeleniumLibrary">
<arg>${ALERT MESSAGE}</arg>
<doc>Waits until the element ``locator`` is visible.</doc>
<status status="PASS" starttime="20221129 23:45:51.591" endtime="20221129 23:45:52.070"/>
</kw>
<kw name="Element Text Should Be" library="SeleniumLibrary">
<arg>${ALERT MESSAGE}</arg>
<arg>Message sent successfully.</arg>
<doc>Verifies that element ``locator`` contains exact the text ``expected``.</doc>
<msg timestamp="20221129 23:45:52.071" level="INFO">Verifying element 'xpath=//*[@role='alert']' contains exact text 'Message sent successfully.'.</msg>
<status status="PASS" starttime="20221129 23:45:52.070" endtime="20221129 23:45:52.092"/>
</kw>
<kw name="Capture Page Screenshot" library="SeleniumLibrary">
<arg>screenshots/remind_password_email_sent.png</arg>
<doc>Takes a screenshot of the current page and embeds it into a log file.</doc>
<msg timestamp="20221129 23:45:52.409" level="INFO" html="true">&lt;/td&gt;&lt;/tr&gt;&lt;tr&gt;&lt;td colspan="3"&gt;&lt;a href="screenshots/remind_password_email_sent.png"&gt;&lt;img src="screenshots/remind_password_email_sent.png" width="800px"&gt;&lt;/a&gt;</msg>
<status status="PASS" starttime="20221129 23:45:52.092" endtime="20221129 23:45:52.409"/>
</kw>
<status status="PASS" starttime="20221129 23:45:51.591" endtime="20221129 23:45:52.409"/>
</kw>
<kw name="Close Browser" library="SeleniumLibrary" type="TEARDOWN">
<doc>Closes the current browser.</doc>
<status status="PASS" starttime="20221129 23:45:52.409" endtime="20221129 23:45:52.579"/>
</kw>
<status status="PASS" starttime="20221129 23:45:47.711" endtime="20221129 23:45:52.580"/>
</test>
<test id="s1-s1-t6" name="Check change language option on login page" line="77">
<kw name="Open login page">
<kw name="Open Browser" library="SeleniumLibrary">
<arg>${LOGIN URL}</arg>
<arg>${BROWSER}</arg>
<doc>Opens a new browser instance to the optional ``url``.</doc>
<msg timestamp="20221129 23:45:52.589" level="INFO">Opening browser 'Chrome' to base url 'https://scouts-test.futbolkolektyw.pl/en'.</msg>
<status status="PASS" starttime="20221129 23:45:52.588" endtime="20221129 23:45:55.936"/>
</kw>
<kw name="Title Should Be" library="SeleniumLibrary">
<arg>Scouts panel - sign in</arg>
<doc>Verifies that the current page title equals ``title``.</doc>
<msg timestamp="20221129 23:45:55.973" level="INFO">Page title is 'Scouts panel - sign in'.</msg>
<status status="PASS" starttime="20221129 23:45:55.938" endtime="20221129 23:45:55.973"/>
</kw>
<status status="PASS" starttime="20221129 23:45:52.587" endtime="20221129 23:45:55.974"/>
</kw>
<kw name="Click on Language Button">
<kw name="Click Element" library="SeleniumLibrary">
<arg>${LANGUAGE BUTTON}</arg>
<doc>Click the element identified by ``locator``.</doc>
<msg timestamp="20221129 23:45:55.975" level="INFO">Clicking element 'xpath=//*[@aria-haspopup='listbox']'.</msg>
<status status="PASS" starttime="20221129 23:45:55.974" endtime="20221129 23:45:56.050"/>
</kw>
<status status="PASS" starttime="20221129 23:45:55.974" endtime="20221129 23:45:56.051"/>
</kw>
<kw name="Choose language from a list">
<kw name="Wait Until Page Contains Element" library="SeleniumLibrary">
<arg>${LANGUAGE PL}</arg>
<doc>Waits until the element ``locator`` appears on the current page.</doc>
<status status="PASS" starttime="20221129 23:45:56.051" endtime="20221129 23:45:56.072"/>
</kw>
<kw name="Click Element" library="SeleniumLibrary">
<arg>${LANGUAGE PL}</arg>
<doc>Click the element identified by ``locator``.</doc>
<msg timestamp="20221129 23:45:56.073" level="INFO">Clicking element 'xpath=//*[@data-value='pl']'.</msg>
<status status="PASS" starttime="20221129 23:45:56.073" endtime="20221129 23:45:56.178"/>
</kw>
<status status="PASS" starttime="20221129 23:45:56.051" endtime="20221129 23:45:56.178"/>
</kw>
<kw name="Assert Selected Language">
<kw name="Wait Until Element Is Visible" library="SeleniumLibrary">
<arg>${LANGUAGE BUTTON}</arg>
<doc>Waits until the element ``locator`` is visible.</doc>
<status status="PASS" starttime="20221129 23:45:56.178" endtime="20221129 23:45:56.229"/>
</kw>
<kw name="Element Text Should Be" library="SeleniumLibrary">
<arg>${LANGUAGE BUTTON}</arg>
<arg>Polski</arg>
<doc>Verifies that element ``locator`` contains exact the text ``expected``.</doc>
<msg timestamp="20221129 23:45:56.230" level="INFO">Verifying element 'xpath=//*[@aria-haspopup='listbox']' contains exact text 'Polski'.</msg>
<status status="PASS" starttime="20221129 23:45:56.229" endtime="20221129 23:45:56.259"/>
</kw>
<kw name="Capture Page Screenshot" library="SeleniumLibrary">
<arg>screenshots/login_page_language_changed.png</arg>
<doc>Takes a screenshot of the current page and embeds it into a log file.</doc>
<msg timestamp="20221129 23:45:56.542" level="INFO" html="true">&lt;/td&gt;&lt;/tr&gt;&lt;tr&gt;&lt;td colspan="3"&gt;&lt;a href="screenshots/login_page_language_changed.png"&gt;&lt;img src="screenshots/login_page_language_changed.png" width="800px"&gt;&lt;/a&gt;</msg>
<status status="PASS" starttime="20221129 23:45:56.260" endtime="20221129 23:45:56.543"/>
</kw>
<status status="PASS" starttime="20221129 23:45:56.178" endtime="20221129 23:45:56.543"/>
</kw>
<kw name="Close Browser" library="SeleniumLibrary" type="TEARDOWN">
<doc>Closes the current browser.</doc>
<status status="PASS" starttime="20221129 23:45:56.543" endtime="20221129 23:45:56.705"/>
</kw>
<status status="PASS" starttime="20221129 23:45:52.582" endtime="20221129 23:45:56.705"/>
</test>
<test id="s1-s1-t7" name="Log out of the system" line="84">
<kw name="Open login page">
<kw name="Open Browser" library="SeleniumLibrary">
<arg>${LOGIN URL}</arg>
<arg>${BROWSER}</arg>
<doc>Opens a new browser instance to the optional ``url``.</doc>
<msg timestamp="20221129 23:45:56.711" level="INFO">Opening browser 'Chrome' to base url 'https://scouts-test.futbolkolektyw.pl/en'.</msg>
<status status="PASS" starttime="20221129 23:45:56.710" endtime="20221129 23:46:00.084"/>
</kw>
<kw name="Title Should Be" library="SeleniumLibrary">
<arg>Scouts panel - sign in</arg>
<doc>Verifies that the current page title equals ``title``.</doc>
<msg timestamp="20221129 23:46:00.101" level="INFO">Page title is 'Scouts panel - sign in'.</msg>
<status status="PASS" starttime="20221129 23:46:00.085" endtime="20221129 23:46:00.101"/>
</kw>
<status status="PASS" starttime="20221129 23:45:56.709" endtime="20221129 23:46:00.101"/>
</kw>
<kw name="Type in email">
<kw name="Input Text" library="SeleniumLibrary">
<arg>${LOGININPUT}</arg>
<arg>user07@getnada.com</arg>
<doc>Types the given ``text`` into the text field identified by ``locator``.</doc>
<msg timestamp="20221129 23:46:00.102" level="INFO">Typing text 'user07@getnada.com' into text field 'xpath=//*[@id='login']'.</msg>
<status status="PASS" starttime="20221129 23:46:00.102" endtime="20221129 23:46:00.394"/>
</kw>
<status status="PASS" starttime="20221129 23:46:00.101" endtime="20221129 23:46:00.394"/>
</kw>
<kw name="Type in password">
<kw name="Input Text" library="SeleniumLibrary">
<arg>${PASSWORDINPUT}</arg>
<arg>Test-1234</arg>
<doc>Types the given ``text`` into the text field identified by ``locator``.</doc>
<msg timestamp="20221129 23:46:00.395" level="INFO">Typing text 'Test-1234' into text field 'xpath=//*[@id='password']'.</msg>
<status status="PASS" starttime="20221129 23:46:00.394" endtime="20221129 23:46:00.564"/>
</kw>
<status status="PASS" starttime="20221129 23:46:00.394" endtime="20221129 23:46:00.564"/>
</kw>
<kw name="Click on the Signin Button">
<kw name="Click Element" library="SeleniumLibrary">
<arg>${SIGNINBUTTON}</arg>
<doc>Click the element identified by ``locator``.</doc>
<msg timestamp="20221129 23:46:00.565" level="INFO">Clicking element 'xpath=//button[@type='submit']'.</msg>
<status status="PASS" starttime="20221129 23:46:00.565" endtime="20221129 23:46:00.647"/>
</kw>
<status status="PASS" starttime="20221129 23:46:00.564" endtime="20221129 23:46:00.647"/>
</kw>
<kw name="Click on the Signout Button">
<kw name="Wait Until Element Is Visible" library="SeleniumLibrary">
<arg>${SIGN OUT BUTTON}</arg>
<doc>Waits until the element ``locator`` is visible.</doc>
<status status="PASS" starttime="20221129 23:46:00.648" endtime="20221129 23:46:01.663"/>
</kw>
<kw name="Click Element" library="SeleniumLibrary">
<arg>${SIGN OUT BUTTON}</arg>
<doc>Click the element identified by ``locator``.</doc>
<msg timestamp="20221129 23:46:01.664" level="INFO">Clicking element 'xpath=//ul[2]/div[2]'.</msg>
<status status="PASS" starttime="20221129 23:46:01.664" endtime="20221129 23:46:01.815"/>
</kw>
<status status="PASS" starttime="20221129 23:46:00.647" endtime="20221129 23:46:01.815"/>
</kw>
<kw name="Assert Login Page">
<kw name="Title Should Be" library="SeleniumLibrary">
<arg>Scouts panel - sign in</arg>
<doc>Verifies that the current page title equals ``title``.</doc>
<msg timestamp="20221129 23:46:01.823" level="INFO">Page title is 'Scouts panel - sign in'.</msg>
<status status="PASS" starttime="20221129 23:46:01.815" endtime="20221129 23:46:01.823"/>
</kw>
<kw name="Capture Page Screenshot" library="SeleniumLibrary">
<arg>screenshots/login_page.png</arg>
<doc>Takes a screenshot of the current page and embeds it into a log file.</doc>
<msg timestamp="20221129 23:46:02.106" level="INFO" html="true">&lt;/td&gt;&lt;/tr&gt;&lt;tr&gt;&lt;td colspan="3"&gt;&lt;a href="screenshots/login_page.png"&gt;&lt;img src="screenshots/login_page.png" width="800px"&gt;&lt;/a&gt;</msg>
<status status="PASS" starttime="20221129 23:46:01.824" endtime="20221129 23:46:02.106"/>
</kw>
<status status="PASS" starttime="20221129 23:46:01.815" endtime="20221129 23:46:02.107"/>
</kw>
<kw name="Close Browser" library="SeleniumLibrary" type="TEARDOWN">
<doc>Closes the current browser.</doc>
<status status="PASS" starttime="20221129 23:46:02.107" endtime="20221129 23:46:02.271"/>
</kw>
<status status="PASS" starttime="20221129 23:45:56.709" endtime="20221129 23:46:02.271"/>
</test>
<test id="s1-s1-t8" name="Add a new player" line="93">
<kw name="Open login page">
<kw name="Open Browser" library="SeleniumLibrary">
<arg>${LOGIN URL}</arg>
<arg>${BROWSER}</arg>
<doc>Opens a new browser instance to the optional ``url``.</doc>
<msg timestamp="20221129 23:46:02.279" level="INFO">Opening browser 'Chrome' to base url 'https://scouts-test.futbolkolektyw.pl/en'.</msg>
<status status="PASS" starttime="20221129 23:46:02.278" endtime="20221129 23:46:05.533"/>
</kw>
<kw name="Title Should Be" library="SeleniumLibrary">
<arg>Scouts panel - sign in</arg>
<doc>Verifies that the current page title equals ``title``.</doc>
<msg timestamp="20221129 23:46:05.542" level="INFO">Page title is 'Scouts panel - sign in'.</msg>
<status status="PASS" starttime="20221129 23:46:05.534" endtime="20221129 23:46:05.542"/>
</kw>
<status status="PASS" starttime="20221129 23:46:02.277" endtime="20221129 23:46:05.542"/>
</kw>
<kw name="Type in email">
<kw name="Input Text" library="SeleniumLibrary">
<arg>${LOGININPUT}</arg>
<arg>user07@getnada.com</arg>
<doc>Types the given ``text`` into the text field identified by ``locator``.</doc>
<msg timestamp="20221129 23:46:05.544" level="INFO">Typing text 'user07@getnada.com' into text field 'xpath=//*[@id='login']'.</msg>
<status status="PASS" starttime="20221129 23:46:05.543" endtime="20221129 23:46:05.801"/>
</kw>
<status status="PASS" starttime="20221129 23:46:05.543" endtime="20221129 23:46:05.802"/>
</kw>
<kw name="Type in password">
<kw name="Input Text" library="SeleniumLibrary">
<arg>${PASSWORDINPUT}</arg>
<arg>Test-1234</arg>
<doc>Types the given ``text`` into the text field identified by ``locator``.</doc>
<msg timestamp="20221129 23:46:05.803" level="INFO">Typing text 'Test-1234' into text field 'xpath=//*[@id='password']'.</msg>
<status status="PASS" starttime="20221129 23:46:05.802" endtime="20221129 23:46:05.930"/>
</kw>
<status status="PASS" starttime="20221129 23:46:05.802" endtime="20221129 23:46:05.930"/>
</kw>
<kw name="Click on the Signin Button">
<kw name="Click Element" library="SeleniumLibrary">
<arg>${SIGNINBUTTON}</arg>
<doc>Click the element identified by ``locator``.</doc>
<msg timestamp="20221129 23:46:05.932" level="INFO">Clicking element 'xpath=//button[@type='submit']'.</msg>
<status status="PASS" starttime="20221129 23:46:05.931" endtime="20221129 23:46:05.998"/>
</kw>
<status status="PASS" starttime="20221129 23:46:05.931" endtime="20221129 23:46:05.998"/>
</kw>
<kw name="Click on Add Player link">
<kw name="Wait Until Element Is Visible" library="SeleniumLibrary">
<arg>${ADD PLAYER HYPERLINK}</arg>
<doc>Waits until the element ``locator`` is visible.</doc>
<status status="PASS" starttime="20221129 23:46:05.999" endtime="20221129 23:46:07.108"/>
</kw>
<kw name="Click Element" library="SeleniumLibrary">
<arg>${ADD PLAYER HYPERLINK}</arg>
<doc>Click the element identified by ``locator``.</doc>
<msg timestamp="20221129 23:46:07.109" level="INFO">Clicking element 'xpath=(//a[1]/button)[1]'.</msg>
<status status="PASS" starttime="20221129 23:46:07.109" endtime="20221129 23:46:07.198"/>
</kw>
<status status="PASS" starttime="20221129 23:46:05.998" endtime="20221129 23:46:07.198"/>
</kw>
<kw name="Type in Player Email">
<kw name="Wait Until Element Is Visible" library="SeleniumLibrary">
<arg>${EMAIL INPUT}</arg>
<doc>Waits until the element ``locator`` is visible.</doc>
<status status="PASS" starttime="20221129 23:46:07.198" endtime="20221129 23:46:07.352"/>
</kw>
<kw name="Input Text" library="SeleniumLibrary">
<arg>${EMAIL INPUT}</arg>
<arg>ronaldo@gmail.com</arg>
<doc>Types the given ``text`` into the text field identified by ``locator``.</doc>
<msg timestamp="20221129 23:46:07.352" level="INFO">Typing text 'ronaldo@gmail.com' into text field 'xpath=//input[@name='email']'.</msg>
<status status="PASS" starttime="20221129 23:46:07.352" endtime="20221129 23:46:07.571"/>
</kw>
<status status="PASS" starttime="20221129 23:46:07.198" endtime="20221129 23:46:07.571"/>
</kw>
<kw name="Type in Name">
<kw name="Wait Until Element Is Visible" library="SeleniumLibrary">
<arg>${NAME INPUT}</arg>
<doc>Waits until the element ``locator`` is visible.</doc>
<status status="PASS" starttime="20221129 23:46:07.572" endtime="20221129 23:46:07.596"/>
</kw>
<kw name="Input Text" library="SeleniumLibrary">
<arg>${NAME INPUT}</arg>
<arg>Cristiano</arg>
<doc>Types the given ``text`` into the text field identified by ``locator``.</doc>
<msg timestamp="20221129 23:46:07.597" level="INFO">Typing text 'Cristiano' into text field 'xpath=//input[@name='name']'.</msg>
<status status="PASS" starttime="20221129 23:46:07.596" endtime="20221129 23:46:07.763"/>
</kw>
<status status="PASS" starttime="20221129 23:46:07.572" endtime="20221129 23:46:07.763"/>
</kw>
<kw name="Type in Surname">
<kw name="Input Text" library="SeleniumLibrary">
<arg>${SURNAME INPUT}</arg>
<arg>Ronaldo</arg>
<doc>Types the given ``text`` into the text field identified by ``locator``.</doc>
<msg timestamp="20221129 23:46:07.764" level="INFO">Typing text 'Ronaldo' into text field 'xpath=//input[@name='surname']'.</msg>
<status status="PASS" starttime="20221129 23:46:07.763" endtime="20221129 23:46:07.894"/>
</kw>
<status status="PASS" starttime="20221129 23:46:07.763" endtime="20221129 23:46:07.894"/>
</kw>
<kw name="Type in Phone">
<kw name="Input Text" library="SeleniumLibrary">
<arg>${PHONE INPUT}</arg>
<arg>345678912345</arg>
<doc>Types the given ``text`` into the text field identified by ``locator``.</doc>
<msg timestamp="20221129 23:46:07.895" level="INFO">Typing text '345678912345' into text field 'xpath=//input[@name='phone']'.</msg>
<status status="PASS" starttime="20221129 23:46:07.894" endtime="20221129 23:46:08.075"/>
</kw>
<status status="PASS" starttime="20221129 23:46:07.894" endtime="20221129 23:46:08.075"/>
</kw>
<kw name="Type in Weight">
<kw name="Input Text" library="SeleniumLibrary">
<arg>${WEIGHT INPUT}</arg>
<arg>85</arg>
<doc>Types the given ``text`` into the text field identified by ``locator``.</doc>
<msg timestamp="20221129 23:46:08.077" level="INFO">Typing text '85' into text field 'xpath=//input[@name='weight']'.</msg>
<status status="PASS" starttime="20221129 23:46:08.076" endtime="20221129 23:46:08.188"/>
</kw>
<status status="PASS" starttime="20221129 23:46:08.075" endtime="20221129 23:46:08.188"/>
</kw>
<kw name="Type in Height">
<kw name="Input Text" library="SeleniumLibrary">
<arg>${HEGHT INPUT}</arg>
<arg>185</arg>
<doc>Types the given ``text`` into the text field identified by ``locator``.</doc>
<msg timestamp="20221129 23:46:08.190" level="INFO">Typing text '185' into text field 'xpath=//input[@name='height']'.</msg>
<status status="PASS" starttime="20221129 23:46:08.189" endtime="20221129 23:46:08.307"/>
</kw>
<status status="PASS" starttime="20221129 23:46:08.189" endtime="20221129 23:46:08.308"/>
</kw>
<kw name="Type in Age">
<kw name="Input Text" library="SeleniumLibrary">
<arg>${AGE INPUT}</arg>
<arg>05.02.1985</arg>
<doc>Types the given ``text`` into the text field identified by ``locator``.</doc>
<msg timestamp="20221129 23:46:08.310" level="INFO">Typing text '05.02.1985' into text field 'xpath=//input[@name='age']'.</msg>
<status status="PASS" starttime="20221129 23:46:08.310" endtime="20221129 23:46:08.471"/>
</kw>
<status status="PASS" starttime="20221129 23:46:08.309" endtime="20221129 23:46:08.471"/>
</kw>
<kw name="Type in Club">
<kw name="Input Text" library="SeleniumLibrary">
<arg>${CLUB INPUT}</arg>
<arg>Real Madrid</arg>
<doc>Types the given ``text`` into the text field identified by ``locator``.</doc>
<msg timestamp="20221129 23:46:08.472" level="INFO">Typing text 'Real Madrid' into text field 'xpath=//input[@name='club']'.</msg>
<status status="PASS" starttime="20221129 23:46:08.471" endtime="20221129 23:46:08.650"/>
</kw>
<status status="PASS" starttime="20221129 23:46:08.471" endtime="20221129 23:46:08.650"/>
</kw>
<kw name="Type in Level">
<kw name="Input Text" library="SeleniumLibrary">
<arg>${LEVEL INPUT}</arg>
<arg>High</arg>
<doc>Types the given ``text`` into the text field identified by ``locator``.</doc>
<msg timestamp="20221129 23:46:08.652" level="INFO">Typing text 'High' into text field 'xpath=//input[@name='level']'.</msg>
<status status="PASS" starttime="20221129 23:46:08.651" endtime="20221129 23:46:08.777"/>
</kw>
<status status="PASS" starttime="20221129 23:46:08.651" endtime="20221129 23:46:08.777"/>
</kw>
<kw name="Type in Main Position">
<kw name="Input Text" library="SeleniumLibrary">
<arg>${MAIN POSITION INPUT}</arg>
<arg>Forward</arg>
<doc>Types the given ``text`` into the text field identified by ``locator``.</doc>
<msg timestamp="20221129 23:46:08.778" level="INFO">Typing text 'Forward' into text field 'xpath=//input[@name='mainPosition']'.</msg>
<status status="PASS" starttime="20221129 23:46:08.778" endtime="20221129 23:46:08.919"/>
</kw>
<status status="PASS" starttime="20221129 23:46:08.778" endtime="20221129 23:46:08.920"/>
</kw>
<kw name="Type in Second Position">
<kw name="Input Text" library="SeleniumLibrary">
<arg>${SECOND POSITION INPUT}</arg>
<arg>Any</arg>
<doc>Types the given ``text`` into the text field identified by ``locator``.</doc>
<msg timestamp="20221129 23:46:08.923" level="INFO">Typing text 'Any' into text field 'xpath=//input[@name='secondPosition']'.</msg>
<status status="PASS" starttime="20221129 23:46:08.921" endtime="20221129 23:46:09.036"/>
</kw>
<status status="PASS" starttime="20221129 23:46:08.920" endtime="20221129 23:46:09.036"/>
</kw>
<kw name="Choose District">
<kw name="Click Element" library="SeleniumLibrary">
<arg>${DISTRICT BUTTON}</arg>
<doc>Click the element identified by ``locator``.</doc>
<msg timestamp="20221129 23:46:09.037" level="INFO">Clicking element 'xpath=//*[@id='mui-component-select-district']'.</msg>
<status status="PASS" starttime="20221129 23:46:09.037" endtime="20221129 23:46:09.128"/>
</kw>
<kw name="Wait Until Element Is Visible" library="SeleniumLibrary">
<arg>${DISTRICT BUTTON_LIST}</arg>
<doc>Waits until the element ``locator`` is visible.</doc>
<status status="PASS" starttime="20221129 23:46:09.128" endtime="20221129 23:46:09.163"/>
</kw>
<kw name="Click Element" library="SeleniumLibrary">
<arg>${DISTRICT OPOLE}</arg>
<doc>Click the element identified by ``locator``.</doc>
<msg timestamp="20221129 23:46:09.164" level="INFO">Clicking element 'xpath=//*[@data-value='opolskie']'.</msg>
<status status="PASS" starttime="20221129 23:46:09.163" endtime="20221129 23:46:09.278"/>
</kw>
<status status="PASS" starttime="20221129 23:46:09.037" endtime="20221129 23:46:09.279"/>
</kw>
<kw name="Click on Submit Button">
<kw name="Wait Until Element Is Visible" library="SeleniumLibrary">
<arg>${SUBMIT BUTTON}</arg>
<doc>Waits until the element ``locator`` is visible.</doc>
<status status="PASS" starttime="20221129 23:46:09.280" endtime="20221129 23:46:09.315"/>
</kw>
<kw name="Click Element" library="SeleniumLibrary">
<arg>${SUBMIT BUTTON}</arg>
<doc>Click the element identified by ``locator``.</doc>
<msg timestamp="20221129 23:46:09.316" level="INFO">Clicking element 'xpath=//button[@type='submit']'.</msg>
<status status="PASS" starttime="20221129 23:46:09.315" endtime="20221129 23:46:09.719"/>
</kw>
<status status="PASS" starttime="20221129 23:46:09.279" endtime="20221129 23:46:09.720"/>
</kw>
<kw name="Assert Saved Player message">
<kw name="Wait Until Element Is Visible" library="SeleniumLibrary">
<arg>${ALERT MESSAGE}</arg>
<doc>Waits until the element ``locator`` is visible.</doc>
<status status="PASS" starttime="20221129 23:46:09.720" endtime="20221129 23:46:10.263"/>
</kw>
<kw name="Element Text Should Be" library="SeleniumLibrary">
<arg>${ALERT MESSAGE}</arg>
<arg>Added player.</arg>
<doc>Verifies that element ``locator`` contains exact the text ``expected``.</doc>
<msg timestamp="20221129 23:46:10.265" level="INFO">Verifying element 'xpath=//*[@role='alert']' contains exact text 'Added player.'.</msg>
<status status="PASS" starttime="20221129 23:46:10.264" endtime="20221129 23:46:10.287"/>
</kw>
<kw name="Capture Page Screenshot" library="SeleniumLibrary">
<arg>screenshots/new_player_added.png</arg>
<doc>Takes a screenshot of the current page and embeds it into a log file.</doc>
<msg timestamp="20221129 23:46:10.619" level="INFO" html="true">&lt;/td&gt;&lt;/tr&gt;&lt;tr&gt;&lt;td colspan="3"&gt;&lt;a href="screenshots/new_player_added.png"&gt;&lt;img src="screenshots/new_player_added.png" width="800px"&gt;&lt;/a&gt;</msg>
<status status="PASS" starttime="20221129 23:46:10.288" endtime="20221129 23:46:10.619"/>
</kw>
<status status="PASS" starttime="20221129 23:46:09.720" endtime="20221129 23:46:10.619"/>
</kw>
<kw name="Assert Edit Page">
<kw name="Element Should Contain" library="SeleniumLibrary">
<arg>${EDIT PLAYER TITLE}</arg>
<arg>Edit player</arg>
<doc>Verifies that element ``locator`` contains text ``expected``.</doc>
<msg timestamp="20221129 23:46:10.647" level="INFO">Element 'xpath=//*[@class='MuiCardHeader-root']//span' contains text 'Edit player'.</msg>
<status status="PASS" starttime="20221129 23:46:10.620" endtime="20221129 23:46:10.647"/>
</kw>
<kw name="Capture Page Screenshot" library="SeleniumLibrary">
<arg>screenshots/edit_player_form.png</arg>
<doc>Takes a screenshot of the current page and embeds it into a log file.</doc>
<msg timestamp="20221129 23:46:10.924" level="INFO" html="true">&lt;/td&gt;&lt;/tr&gt;&lt;tr&gt;&lt;td colspan="3"&gt;&lt;a href="screenshots/edit_player_form.png"&gt;&lt;img src="screenshots/edit_player_form.png" width="800px"&gt;&lt;/a&gt;</msg>
<status status="PASS" starttime="20221129 23:46:10.647" endtime="20221129 23:46:10.924"/>
</kw>
<status status="PASS" starttime="20221129 23:46:10.620" endtime="20221129 23:46:10.924"/>
</kw>
<kw name="Close Browser" library="SeleniumLibrary" type="TEARDOWN">
<doc>Closes the current browser.</doc>
<status status="PASS" starttime="20221129 23:46:10.925" endtime="20221129 23:46:11.101"/>
</kw>
<status status="PASS" starttime="20221129 23:46:02.275" endtime="20221129 23:46:11.101"/>
</test>
<test id="s1-s1-t9" name="Clear add player form" line="116">
<kw name="Open login page">
<kw name="Open Browser" library="SeleniumLibrary">
<arg>${LOGIN URL}</arg>
<arg>${BROWSER}</arg>
<doc>Opens a new browser instance to the optional ``url``.</doc>
<msg timestamp="20221129 23:46:11.105" level="INFO">Opening browser 'Chrome' to base url 'https://scouts-test.futbolkolektyw.pl/en'.</msg>
<status status="PASS" starttime="20221129 23:46:11.104" endtime="20221129 23:46:14.808"/>
</kw>
<kw name="Title Should Be" library="SeleniumLibrary">
<arg>Scouts panel - sign in</arg>
<doc>Verifies that the current page title equals ``title``.</doc>
<msg timestamp="20221129 23:46:14.817" level="INFO">Page title is 'Scouts panel - sign in'.</msg>
<status status="PASS" starttime="20221129 23:46:14.809" endtime="20221129 23:46:14.817"/>
</kw>
<status status="PASS" starttime="20221129 23:46:11.103" endtime="20221129 23:46:14.817"/>
</kw>
<kw name="Type in email">
<kw name="Input Text" library="SeleniumLibrary">
<arg>${LOGININPUT}</arg>
<arg>user07@getnada.com</arg>
<doc>Types the given ``text`` into the text field identified by ``locator``.</doc>
<msg timestamp="20221129 23:46:14.819" level="INFO">Typing text 'user07@getnada.com' into text field 'xpath=//*[@id='login']'.</msg>
<status status="PASS" starttime="20221129 23:46:14.818" endtime="20221129 23:46:15.080"/>
</kw>
<status status="PASS" starttime="20221129 23:46:14.818" endtime="20221129 23:46:15.080"/>
</kw>
<kw name="Type in password">
<kw name="Input Text" library="SeleniumLibrary">
<arg>${PASSWORDINPUT}</arg>
<arg>Test-1234</arg>
<doc>Types the given ``text`` into the text field identified by ``locator``.</doc>
<msg timestamp="20221129 23:46:15.081" level="INFO">Typing text 'Test-1234' into text field 'xpath=//*[@id='password']'.</msg>
<status status="PASS" starttime="20221129 23:46:15.081" endtime="20221129 23:46:15.234"/>
</kw>
<status status="PASS" starttime="20221129 23:46:15.080" endtime="20221129 23:46:15.234"/>
</kw>
<kw name="Click on the Signin Button">
<kw name="Click Element" library="SeleniumLibrary">
<arg>${SIGNINBUTTON}</arg>
<doc>Click the element identified by ``locator``.</doc>
<msg timestamp="20221129 23:46:15.236" level="INFO">Clicking element 'xpath=//button[@type='submit']'.</msg>
<status status="PASS" starttime="20221129 23:46:15.235" endtime="20221129 23:46:15.300"/>
</kw>
<status status="PASS" starttime="20221129 23:46:15.235" endtime="20221129 23:46:15.300"/>
</kw>
<kw name="Click on Add Player link">
<kw name="Wait Until Element Is Visible" library="SeleniumLibrary">
<arg>${ADD PLAYER HYPERLINK}</arg>
<doc>Waits until the element ``locator`` is visible.</doc>
<status status="PASS" starttime="20221129 23:46:15.301" endtime="20221129 23:46:16.365"/>
</kw>
<kw name="Click Element" library="SeleniumLibrary">
<arg>${ADD PLAYER HYPERLINK}</arg>
<doc>Click the element identified by ``locator``.</doc>
<msg timestamp="20221129 23:46:16.366" level="INFO">Clicking element 'xpath=(//a[1]/button)[1]'.</msg>
<status status="PASS" starttime="20221129 23:46:16.366" endtime="20221129 23:46:16.535"/>
</kw>
<status status="PASS" starttime="20221129 23:46:15.300" endtime="20221129 23:46:16.535"/>
</kw>
<kw name="Type in Name">
<kw name="Wait Until Element Is Visible" library="SeleniumLibrary">
<arg>${NAME INPUT}</arg>
<doc>Waits until the element ``locator`` is visible.</doc>
<status status="PASS" starttime="20221129 23:46:16.536" endtime="20221129 23:46:16.588"/>
</kw>
<kw name="Input Text" library="SeleniumLibrary">
<arg>${NAME INPUT}</arg>
<arg>Cristiano</arg>
<doc>Types the given ``text`` into the text field identified by ``locator``.</doc>
<msg timestamp="20221129 23:46:16.588" level="INFO">Typing text 'Cristiano' into text field 'xpath=//input[@name='name']'.</msg>
<status status="PASS" starttime="20221129 23:46:16.588" endtime="20221129 23:46:16.786"/>
</kw>
<status status="PASS" starttime="20221129 23:46:16.535" endtime="20221129 23:46:16.786"/>
</kw>
<kw name="Type in Surname">
<kw name="Input Text" library="SeleniumLibrary">
<arg>${SURNAME INPUT}</arg>
<arg>Ronaldo</arg>
<doc>Types the given ``text`` into the text field identified by ``locator``.</doc>
<msg timestamp="20221129 23:46:16.787" level="INFO">Typing text 'Ronaldo' into text field 'xpath=//input[@name='surname']'.</msg>
<status status="PASS" starttime="20221129 23:46:16.786" endtime="20221129 23:46:16.920"/>
</kw>
<status status="PASS" starttime="20221129 23:46:16.786" endtime="20221129 23:46:16.920"/>
</kw>
<kw name="Type in Age">
<kw name="Input Text" library="SeleniumLibrary">
<arg>${AGE INPUT}</arg>
<arg>05.02.1985</arg>
<doc>Types the given ``text`` into the text field identified by ``locator``.</doc>
<msg timestamp="20221129 23:46:16.921" level="INFO">Typing text '05.02.1985' into text field 'xpath=//input[@name='age']'.</msg>
<status status="PASS" starttime="20221129 23:46:16.921" endtime="20221129 23:46:17.080"/>
</kw>
<status status="PASS" starttime="20221129 23:46:16.921" endtime="20221129 23:46:17.080"/>
</kw>
<kw name="Type in Main Position">
<kw name="Input Text" library="SeleniumLibrary">
<arg>${MAIN POSITION INPUT}</arg>
<arg>Forward</arg>
<doc>Types the given ``text`` into the text field identified by ``locator``.</doc>
<msg timestamp="20221129 23:46:17.081" level="INFO">Typing text 'Forward' into text field 'xpath=//input[@name='mainPosition']'.</msg>
<status status="PASS" starttime="20221129 23:46:17.081" endtime="20221129 23:46:17.249"/>
</kw>
<status status="PASS" starttime="20221129 23:46:17.080" endtime="20221129 23:46:17.250"/>
</kw>
<kw name="Click on Clear Button">
<kw name="Wait Until Element Is Visible" library="SeleniumLibrary">
<arg>${CLEAR BUTTON}</arg>
<doc>Waits until the element ``locator`` is visible.</doc>
<status status="PASS" starttime="20221129 23:46:17.251" endtime="20221129 23:46:17.284"/>
</kw>
<kw name="Click Element" library="SeleniumLibrary">
<arg>${CLEAR BUTTON}</arg>
<doc>Click the element identified by ``locator``.</doc>
<msg timestamp="20221129 23:46:17.285" level="INFO">Clicking element 'xpath=//button[contains(@class,'containedSecondary')]'.</msg>
<status status="PASS" starttime="20221129 23:46:17.285" endtime="20221129 23:46:17.372"/>
</kw>
<status status="PASS" starttime="20221129 23:46:17.250" endtime="20221129 23:46:17.372"/>
</kw>
<kw name="Assert fields are empty">
<kw name="Element Text Should Be" library="SeleniumLibrary">
<arg>${NAME INPUT}</arg>
<arg>${EMPTY}</arg>
<doc>Verifies that element ``locator`` contains exact the text ``expected``.</doc>
<msg timestamp="20221129 23:46:17.379" level="INFO">Verifying element 'xpath=//input[@name='name']' contains exact text ''.</msg>
<status status="PASS" starttime="20221129 23:46:17.373" endtime="20221129 23:46:17.421"/>
</kw>
<kw name="Element Text Should Be" library="SeleniumLibrary">
<arg>${SURNAME INPUT}</arg>
<arg>${EMPTY}</arg>
<doc>Verifies that element ``locator`` contains exact the text ``expected``.</doc>
<msg timestamp="20221129 23:46:17.424" level="INFO">Verifying element 'xpath=//input[@name='surname']' contains exact text ''.</msg>
<status status="PASS" starttime="20221129 23:46:17.421" endtime="20221129 23:46:17.476"/>
</kw>
<kw name="Element Text Should Be" library="SeleniumLibrary">
<arg>${AGE INPUT}</arg>
<arg>${EMPTY}</arg>
<doc>Verifies that element ``locator`` contains exact the text ``expected``.</doc>
<msg timestamp="20221129 23:46:17.481" level="INFO">Verifying element 'xpath=//input[@name='age']' contains exact text ''.</msg>
<status status="PASS" starttime="20221129 23:46:17.476" endtime="20221129 23:46:17.522"/>
</kw>
<kw name="Element Text Should Be" library="SeleniumLibrary">
<arg>${MAIN POSITION INPUT}</arg>
<arg>${EMPTY}</arg>
<doc>Verifies that element ``locator`` contains exact the text ``expected``.</doc>
<msg timestamp="20221129 23:46:17.525" level="INFO">Verifying element 'xpath=//input[@name='mainPosition']' contains exact text ''.</msg>
<status status="PASS" starttime="20221129 23:46:17.523" endtime="20221129 23:46:17.566"/>
</kw>
<kw name="Capture Page Screenshot" library="SeleniumLibrary">
<arg>screenshots/Add_player_form_is_empty.png</arg>
<doc>Takes a screenshot of the current page and embeds it into a log file.</doc>
<msg timestamp="20221129 23:46:17.933" level="INFO" html="true">&lt;/td&gt;&lt;/tr&gt;&lt;tr&gt;&lt;td colspan="3"&gt;&lt;a href="screenshots/Add_player_form_is_empty.png"&gt;&lt;img src="screenshots/Add_player_form_is_empty.png" width="800px"&gt;&lt;/a&gt;</msg>
<status status="PASS" starttime="20221129 23:46:17.566" endtime="20221129 23:46:17.933"/>
</kw>
<status status="PASS" starttime="20221129 23:46:17.372" endtime="20221129 23:46:17.933"/>
</kw>
<kw name="Close Browser" library="SeleniumLibrary" type="TEARDOWN">
<doc>Closes the current browser.</doc>
<status status="PASS" starttime="20221129 23:46:17.933" endtime="20221129 23:46:18.108"/>
</kw>
<status status="PASS" starttime="20221129 23:46:11.103" endtime="20221129 23:46:18.108"/>
</test>
<doc>Suite description #automated tests for scout website</doc>
<status status="PASS" starttime="20221129 23:45:26.092" endtime="20221129 23:46:18.113"/>
</suite>
<status status="PASS" starttime="20221129 23:45:26.057" endtime="20221129 23:46:18.119"/>
</suite>
<statistics>
<total>
<stat pass="9" fail="0" skip="0">All Tests</stat>
</total>
<tag>
</tag>
<suite>
<stat pass="9" fail="0" skip="0" id="s1" name="Challenge Elvira Robotframework">Challenge Elvira Robotframework</stat>
<stat pass="9" fail="0" skip="0" id="s1-s1" name="Test Scouts Panel App">Challenge Elvira Robotframework.Test Scouts Panel App</stat>
</suite>
</statistics>
<errors>
</errors>
</robot>
