<?xml version="1.0" encoding="UTF-8"?>
<robot generator="Robot 6.0.1 (Python 3.11.0 on darwin)" generated="20221129 23:52:39.347" rpa="false" schemaversion="3">
<suite id="s1" name="Challenge Elvira Robotframework" source="/Users/elvira/Documents/GitHub/challenge_elvira_robotframework">
<suite id="s1-s1" name="Test Scouts App Rf" source="/Users/elvira/Documents/GitHub/challenge_elvira_robotframework/test_scouts_app_rf.robot">
<test id="s1-s1-t1" name="Login to the system with valid user data" line="41">
<kw name="Open login page">
<kw name="Open Browser" library="SeleniumLibrary">
<arg>${LOGIN URL}</arg>
<arg>${BROWSER}</arg>
<doc>Opens a new browser instance to the optional ``url``.</doc>
<msg timestamp="20221129 23:52:39.665" level="INFO">Opening browser 'Chrome' to base url 'https://scouts-test.futbolkolektyw.pl/en'.</msg>
<status status="PASS" starttime="20221129 23:52:39.665" endtime="20221129 23:52:45.813"/>
</kw>
<kw name="Title Should Be" library="SeleniumLibrary">
<arg>Scouts panel - sign in</arg>
<doc>Verifies that the current page title equals ``title``.</doc>
<msg timestamp="20221129 23:52:45.877" level="INFO">Page title is 'Scouts panel - sign in'.</msg>
<status status="PASS" starttime="20221129 23:52:45.815" endtime="20221129 23:52:45.877"/>
</kw>
<status status="PASS" starttime="20221129 23:52:39.664" endtime="20221129 23:52:45.878"/>
</kw>
<kw name="Type in email">
<kw name="Input Text" library="SeleniumLibrary">
<arg>${LOGININPUT}</arg>
<arg>user07@getnada.com</arg>
<doc>Types the given ``text`` into the text field identified by ``locator``.</doc>
<msg timestamp="20221129 23:52:45.880" level="INFO">Typing text 'user07@getnada.com' into text field 'xpath=//*[@id='login']'.</msg>
<status status="PASS" starttime="20221129 23:52:45.878" endtime="20221129 23:52:46.341"/>
</kw>
<status status="PASS" starttime="20221129 23:52:45.878" endtime="20221129 23:52:46.341"/>
</kw>
<kw name="Type in password">
<kw name="Input Text" library="SeleniumLibrary">
<arg>${PASSWORDINPUT}</arg>
<arg>Test-1234</arg>
<doc>Types the given ``text`` into the text field identified by ``locator``.</doc>
<msg timestamp="20221129 23:52:46.343" level="INFO">Typing text 'Test-1234' into text field 'xpath=//*[@id='password']'.</msg>
<status status="PASS" starttime="20221129 23:52:46.342" endtime="20221129 23:52:46.592"/>
</kw>
<status status="PASS" starttime="20221129 23:52:46.341" endtime="20221129 23:52:46.593"/>
</kw>
<kw name="Click on the Signin Button">
<kw name="Click Element" library="SeleniumLibrary">
<arg>${SIGNINBUTTON}</arg>
<doc>Click the element identified by ``locator``.</doc>
<msg timestamp="20221129 23:52:46.595" level="INFO">Clicking element 'xpath=//button[@type='submit']'.</msg>
<status status="PASS" starttime="20221129 23:52:46.594" endtime="20221129 23:52:46.770"/>
</kw>
<status status="PASS" starttime="20221129 23:52:46.593" endtime="20221129 23:52:46.770"/>
</kw>
<kw name="Assert Dashboard">
<kw name="Wait Until Element Is Visible" library="SeleniumLibrary">
<arg>${PAGELOGO}</arg>
<doc>Waits until the element ``locator`` is visible.</doc>
<status status="PASS" starttime="20221129 23:52:46.771" endtime="20221129 23:52:47.824"/>
</kw>
<kw name="Title Should Be" library="SeleniumLibrary">
<arg>Scouts panel</arg>
<doc>Verifies that the current page title equals ``title``.</doc>
<msg timestamp="20221129 23:52:47.829" level="INFO">Page title is 'Scouts panel'.</msg>
<status status="PASS" starttime="20221129 23:52:47.824" endtime="20221129 23:52:47.830"/>
</kw>
<kw name="Capture Page Screenshot" library="SeleniumLibrary">
<arg>screenshots/dashboard.png</arg>
<doc>Takes a screenshot of the current page and embeds it into a log file.</doc>
<msg timestamp="20221129 23:52:48.159" level="INFO" html="true">&lt;/td&gt;&lt;/tr&gt;&lt;tr&gt;&lt;td colspan="3"&gt;&lt;a href="screenshots/dashboard.png"&gt;&lt;img src="screenshots/dashboard.png" width="800px"&gt;&lt;/a&gt;</msg>
<status status="PASS" starttime="20221129 23:52:47.830" endtime="20221129 23:52:48.159"/>
</kw>
<status status="PASS" starttime="20221129 23:52:46.771" endtime="20221129 23:52:48.159"/>
</kw>
<kw name="Close Browser" library="SeleniumLibrary" type="TEARDOWN">
<doc>Closes the current browser.</doc>
<status status="PASS" starttime="20221129 23:52:48.159" endtime="20221129 23:52:48.367"/>
</kw>
<status status="PASS" starttime="20221129 23:52:39.663" endtime="20221129 23:52:48.369"/>
</test>
<test id="s1-s1-t2" name="Login to the system with invalid user data" line="49">
<kw name="Open login page">
<kw name="Open Browser" library="SeleniumLibrary">
<arg>${LOGIN URL}</arg>
<arg>${BROWSER}</arg>
<doc>Opens a new browser instance to the optional ``url``.</doc>
<msg timestamp="20221129 23:52:48.379" level="INFO">Opening browser 'Chrome' to base url 'https://scouts-test.futbolkolektyw.pl/en'.</msg>
<status status="PASS" starttime="20221129 23:52:48.377" endtime="20221129 23:52:52.097"/>
</kw>
<kw name="Title Should Be" library="SeleniumLibrary">
<arg>Scouts panel - sign in</arg>
<doc>Verifies that the current page title equals ``title``.</doc>
<msg timestamp="20221129 23:52:52.114" level="INFO">Page title is 'Scouts panel - sign in'.</msg>
<status status="PASS" starttime="20221129 23:52:52.097" endtime="20221129 23:52:52.114"/>
</kw>
<status status="PASS" starttime="20221129 23:52:48.376" endtime="20221129 23:52:52.115"/>
</kw>
<kw name="Type in invalid email">
<kw name="Input Text" library="SeleniumLibrary">
<arg>${LOGININPUT}</arg>
<arg>abcd@abcd.com</arg>
<doc>Types the given ``text`` into the text field identified by ``locator``.</doc>
<msg timestamp="20221129 23:52:52.118" level="INFO">Typing text 'abcd@abcd.com' into text field 'xpath=//*[@id='login']'.</msg>
<status status="PASS" starttime="20221129 23:52:52.116" endtime="20221129 23:52:52.455"/>
</kw>
<status status="PASS" starttime="20221129 23:52:52.115" endtime="20221129 23:52:52.456"/>
</kw>
<kw name="Type in invalid password">
<kw name="Input Text" library="SeleniumLibrary">
<arg>${PASSWORDINPUT}</arg>
<arg>123456789abcd</arg>
<doc>Types the given ``text`` into the text field identified by ``locator``.</doc>
<msg timestamp="20221129 23:52:52.457" level="INFO">Typing text '123456789abcd' into text field 'xpath=//*[@id='password']'.</msg>
<status status="PASS" starttime="20221129 23:52:52.456" endtime="20221129 23:52:52.689"/>
</kw>
<status status="PASS" starttime="20221129 23:52:52.456" endtime="20221129 23:52:52.689"/>
</kw>
<kw name="Click on the Signin Button">
<kw name="Click Element" library="SeleniumLibrary">
<arg>${SIGNINBUTTON}</arg>
<doc>Click the element identified by ``locator``.</doc>
<msg timestamp="20221129 23:52:52.690" level="INFO">Clicking element 'xpath=//button[@type='submit']'.</msg>
<status status="PASS" starttime="20221129 23:52:52.689" endtime="20221129 23:52:52.794"/>
</kw>
<status status="PASS" starttime="20221129 23:52:52.689" endtime="20221129 23:52:52.794"/>
</kw>
<kw name="Assert validation message">
<kw name="Wait Until Element Is Visible" library="SeleniumLibrary">
<arg>${DATA VALIDATION MESSAGE}</arg>
<doc>Waits until the element ``locator`` is visible.</doc>
<status status="PASS" starttime="20221129 23:52:52.795" endtime="20221129 23:52:53.063"/>
</kw>
<kw name="Element Text Should Be" library="SeleniumLibrary">
<arg>${DATA VALIDATION MESSAGE}</arg>
<arg>Identifier or password invalid.</arg>
<doc>Verifies that element ``locator`` contains exact the text ``expected``.</doc>
<msg timestamp="20221129 23:52:53.064" level="INFO">Verifying element 'xpath=//*[contains(text(),'password invalid')]' contains exact text 'Identifier or password invalid.'.</msg>
<status status="PASS" starttime="20221129 23:52:53.063" endtime="20221129 23:52:53.098"/>
</kw>
<kw name="Capture Page Screenshot" library="SeleniumLibrary">
<arg>screenshots/login_page_validation_message.png</arg>
<doc>Takes a screenshot of the current page and embeds it into a log file.</doc>
<msg timestamp="20221129 23:52:53.467" level="INFO" html="true">&lt;/td&gt;&lt;/tr&gt;&lt;tr&gt;&lt;td colspan="3"&gt;&lt;a href="screenshots/login_page_validation_message.png"&gt;&lt;img src="screenshots/login_page_validation_message.png" width="800px"&gt;&lt;/a&gt;</msg>
<status status="PASS" starttime="20221129 23:52:53.098" endtime="20221129 23:52:53.467"/>
</kw>
<status status="PASS" starttime="20221129 23:52:52.795" endtime="20221129 23:52:53.467"/>
</kw>
<kw name="Close Browser" library="SeleniumLibrary" type="TEARDOWN">
<doc>Closes the current browser.</doc>
<status status="PASS" starttime="20221129 23:52:53.467" endtime="20221129 23:52:53.645"/>
</kw>
<status status="PASS" starttime="20221129 23:52:48.371" endtime="20221129 23:52:53.645"/>
</test>
<test id="s1-s1-t3" name="Login to the system with empty email and password" line="57">
<kw name="Open login page">
<kw name="Open Browser" library="SeleniumLibrary">
<arg>${LOGIN URL}</arg>
<arg>${BROWSER}</arg>
<doc>Opens a new browser instance to the optional ``url``.</doc>
<msg timestamp="20221129 23:52:53.650" level="INFO">Opening browser 'Chrome' to base url 'https://scouts-test.futbolkolektyw.pl/en'.</msg>
<status status="PASS" starttime="20221129 23:52:53.649" endtime="20221129 23:52:57.056"/>
</kw>
<kw name="Title Should Be" library="SeleniumLibrary">
<arg>Scouts panel - sign in</arg>
<doc>Verifies that the current page title equals ``title``.</doc>
<msg timestamp="20221129 23:52:57.062" level="INFO">Page title is 'Scouts panel - sign in'.</msg>
<status status="PASS" starttime="20221129 23:52:57.057" endtime="20221129 23:52:57.062"/>
</kw>
<status status="PASS" starttime="20221129 23:52:53.648" endtime="20221129 23:52:57.063"/>
</kw>
<kw name="Click on the Signin Button">
<kw name="Click Element" library="SeleniumLibrary">
<arg>${SIGNINBUTTON}</arg>
<doc>Click the element identified by ``locator``.</doc>
<msg timestamp="20221129 23:52:57.064" level="INFO">Clicking element 'xpath=//button[@type='submit']'.</msg>
<status status="PASS" starttime="20221129 23:52:57.063" endtime="20221129 23:52:57.158"/>
</kw>
<status status="PASS" starttime="20221129 23:52:57.063" endtime="20221129 23:52:57.158"/>
</kw>
<kw name="Assert empty data message">
<kw name="Wait Until Element Is Visible" library="SeleniumLibrary">
<arg>${DATA EMPTY MESSAGE}</arg>
<doc>Waits until the element ``locator`` is visible.</doc>
<status status="PASS" starttime="20221129 23:52:57.158" endtime="20221129 23:52:57.423"/>
</kw>
<kw name="Element Text Should Be" library="SeleniumLibrary">
<arg>${DATA EMPTY MESSAGE}</arg>
<arg>Please provide your username or your e-mail.</arg>
<doc>Verifies that element ``locator`` contains exact the text ``expected``.</doc>
<msg timestamp="20221129 23:52:57.424" level="INFO">Verifying element 'xpath=//*[contains(text(),'provide your username')]' contains exact text 'Please provide your username or your e-mail.'.</msg>
<status status="PASS" starttime="20221129 23:52:57.423" endtime="20221129 23:52:57.452"/>
</kw>
<kw name="Capture Page Screenshot" library="SeleniumLibrary">
<arg>screenshots/login_page_empty_data_message.png</arg>
<doc>Takes a screenshot of the current page and embeds it into a log file.</doc>
<msg timestamp="20221129 23:52:57.812" level="INFO" html="true">&lt;/td&gt;&lt;/tr&gt;&lt;tr&gt;&lt;td colspan="3"&gt;&lt;a href="screenshots/login_page_empty_data_message.png"&gt;&lt;img src="screenshots/login_page_empty_data_message.png" width="800px"&gt;&lt;/a&gt;</msg>
<status status="PASS" starttime="20221129 23:52:57.452" endtime="20221129 23:52:57.812"/>
</kw>
<status status="PASS" starttime="20221129 23:52:57.158" endtime="20221129 23:52:57.812"/>
</kw>
<kw name="Close Browser" library="SeleniumLibrary" type="TEARDOWN">
<doc>Closes the current browser.</doc>
<status status="PASS" starttime="20221129 23:52:57.812" endtime="20221129 23:52:57.986"/>
</kw>
<status status="PASS" starttime="20221129 23:52:53.646" endtime="20221129 23:52:57.987"/>
</test>
<test id="s1-s1-t4" name="Test remind password on Log in page" line="63">
<kw name="Open login page">
<kw name="Open Browser" library="SeleniumLibrary">
<arg>${LOGIN URL}</arg>
<arg>${BROWSER}</arg>
<doc>Opens a new browser instance to the optional ``url``.</doc>
<msg timestamp="20221129 23:52:57.992" level="INFO">Opening browser 'Chrome' to base url 'https://scouts-test.futbolkolektyw.pl/en'.</msg>
<status status="PASS" starttime="20221129 23:52:57.991" endtime="20221129 23:53:01.187"/>
</kw>
<kw name="Title Should Be" library="SeleniumLibrary">
<arg>Scouts panel - sign in</arg>
<doc>Verifies that the current page title equals ``title``.</doc>
<msg timestamp="20221129 23:53:01.192" level="INFO">Page title is 'Scouts panel - sign in'.</msg>
<status status="PASS" starttime="20221129 23:53:01.187" endtime="20221129 23:53:01.192"/>
</kw>
<status status="PASS" starttime="20221129 23:52:57.991" endtime="20221129 23:53:01.192"/>
</kw>
<kw name="Click on the Remind Password link">
<kw name="Click Element" library="SeleniumLibrary">
<arg>${REMIND PASSWORD HYPERLINK}</arg>
<doc>Click the element identified by ``locator``.</doc>
<msg timestamp="20221129 23:53:01.194" level="INFO">Clicking element 'xpath=//child::div/a'.</msg>
<status status="PASS" starttime="20221129 23:53:01.193" endtime="20221129 23:53:01.268"/>
</kw>
<status status="PASS" starttime="20221129 23:53:01.193" endtime="20221129 23:53:01.268"/>
</kw>
<kw name="Assert Remind Password page">
<kw name="Wait Until Element Is Visible" library="SeleniumLibrary">
<arg>${REMIND PASSWORD TITLE}</arg>
<doc>Waits until the element ``locator`` is visible.</doc>
<status status="PASS" starttime="20221129 23:53:01.270" endtime="20221129 23:53:01.323"/>
</kw>
<kw name="Title Should Be" library="SeleniumLibrary">
<arg>Remind password</arg>
<doc>Verifies that the current page title equals ``title``.</doc>
<msg timestamp="20221129 23:53:01.327" level="INFO">Page title is 'Remind password'.</msg>
<status status="PASS" starttime="20221129 23:53:01.323" endtime="20221129 23:53:01.327"/>
</kw>
<kw name="Capture Page Screenshot" library="SeleniumLibrary">
<arg>screenshots/remind_password_page.png</arg>
<doc>Takes a screenshot of the current page and embeds it into a log file.</doc>
<msg timestamp="20221129 23:53:01.584" level="INFO" html="true">&lt;/td&gt;&lt;/tr&gt;&lt;tr&gt;&lt;td colspan="3"&gt;&lt;a href="screenshots/remind_password_page.png"&gt;&lt;img src="screenshots/remind_password_page.png" width="800px"&gt;&lt;/a&gt;</msg>
<status status="PASS" starttime="20221129 23:53:01.327" endtime="20221129 23:53:01.584"/>
</kw>
<status status="PASS" starttime="20221129 23:53:01.269" endtime="20221129 23:53:01.584"/>
</kw>
<kw name="Close Browser" library="SeleniumLibrary" type="TEARDOWN">
<doc>Closes the current browser.</doc>
<status status="PASS" starttime="20221129 23:53:01.584" endtime="20221129 23:53:01.741"/>
</kw>
<status status="PASS" starttime="20221129 23:52:57.990" endtime="20221129 23:53:01.741"/>
</test>
<test id="s1-s1-t5" name="Send email on remind password page" line="69">
<kw name="Open login page">
<kw name="Open Browser" library="SeleniumLibrary">
<arg>${LOGIN URL}</arg>
<arg>${BROWSER}</arg>
<doc>Opens a new browser instance to the optional ``url``.</doc>
<msg timestamp="20221129 23:53:01.743" level="INFO">Opening browser 'Chrome' to base url 'https://scouts-test.futbolkolektyw.pl/en'.</msg>
<status status="PASS" starttime="20221129 23:53:01.742" endtime="20221129 23:53:04.787"/>
</kw>
<kw name="Title Should Be" library="SeleniumLibrary">
<arg>Scouts panel - sign in</arg>
<doc>Verifies that the current page title equals ``title``.</doc>
<msg timestamp="20221129 23:53:04.792" level="INFO">Page title is 'Scouts panel - sign in'.</msg>
<status status="PASS" starttime="20221129 23:53:04.787" endtime="20221129 23:53:04.792"/>
</kw>
<status status="PASS" starttime="20221129 23:53:01.742" endtime="20221129 23:53:04.792"/>
</kw>
<kw name="Click on the Remind Password link">
<kw name="Click Element" library="SeleniumLibrary">
<arg>${REMIND PASSWORD HYPERLINK}</arg>
<doc>Click the element identified by ``locator``.</doc>
<msg timestamp="20221129 23:53:04.793" level="INFO">Clicking element 'xpath=//child::div/a'.</msg>
<status status="PASS" starttime="20221129 23:53:04.793" endtime="20221129 23:53:04.907"/>
</kw>
<status status="PASS" starttime="20221129 23:53:04.792" endtime="20221129 23:53:04.911"/>
</kw>
<kw name="Type in remember email">
<kw name="Input Text" library="SeleniumLibrary">
<arg>${EMAIL INPUT}</arg>
<arg>test@abc.com</arg>
<doc>Types the given ``text`` into the text field identified by ``locator``.</doc>
<msg timestamp="20221129 23:53:04.913" level="INFO">Typing text 'test@abc.com' into text field 'xpath=//input[@name='email']'.</msg>
<status status="PASS" starttime="20221129 23:53:04.912" endtime="20221129 23:53:05.133"/>
</kw>
<status status="PASS" starttime="20221129 23:53:04.911" endtime="20221129 23:53:05.133"/>
</kw>
<kw name="Click on the Send Button">
<kw name="Click Element" library="SeleniumLibrary">
<arg>${SEND BUTTON}</arg>
<doc>Click the element identified by ``locator``.</doc>
<msg timestamp="20221129 23:53:05.135" level="INFO">Clicking element 'xpath=//button[@type='submit']'.</msg>
<status status="PASS" starttime="20221129 23:53:05.134" endtime="20221129 23:53:05.229"/>
</kw>
<status status="PASS" starttime="20221129 23:53:05.134" endtime="20221129 23:53:05.229"/>
</kw>
<kw name="Assert Successfull message">
<kw name="Wait Until Element Is Visible" library="SeleniumLibrary">
<arg>${ALERT MESSAGE}</arg>
<doc>Waits until the element ``locator`` is visible.</doc>
<status status="PASS" starttime="20221129 23:53:05.230" endtime="20221129 23:53:05.700"/>
</kw>
<kw name="Element Text Should Be" library="SeleniumLibrary">
<arg>${ALERT MESSAGE}</arg>
<arg>Message sent successfully.</arg>
<doc>Verifies that element ``locator`` contains exact the text ``expected``.</doc>
<msg timestamp="20221129 23:53:05.701" level="INFO">Verifying element 'xpath=//*[@role='alert']' contains exact text 'Message sent successfully.'.</msg>
<status status="PASS" starttime="20221129 23:53:05.700" endtime="20221129 23:53:05.721"/>
</kw>
<kw name="Capture Page Screenshot" library="SeleniumLibrary">
<arg>screenshots/remind_password_email_sent.png</arg>
<doc>Takes a screenshot of the current page and embeds it into a log file.</doc>
<msg timestamp="20221129 23:53:06.073" level="INFO" html="true">&lt;/td&gt;&lt;/tr&gt;&lt;tr&gt;&lt;td colspan="3"&gt;&lt;a href="screenshots/remind_password_email_sent.png"&gt;&lt;img src="screenshots/remind_password_email_sent.png" width="800px"&gt;&lt;/a&gt;</msg>
<status status="PASS" starttime="20221129 23:53:05.721" endtime="20221129 23:53:06.073"/>
</kw>
<status status="PASS" starttime="20221129 23:53:05.230" endtime="20221129 23:53:06.073"/>
</kw>
<kw name="Close Browser" library="SeleniumLibrary" type="TEARDOWN">
<doc>Closes the current browser.</doc>
<status status="PASS" starttime="20221129 23:53:06.073" endtime="20221129 23:53:06.245"/>
</kw>
<status status="PASS" starttime="20221129 23:53:01.741" endtime="20221129 23:53:06.245"/>
</test>
<test id="s1-s1-t6" name="Check change language option on login page" line="77">
<kw name="Open login page">
<kw name="Open Browser" library="SeleniumLibrary">
<arg>${LOGIN URL}</arg>
<arg>${BROWSER}</arg>
<doc>Opens a new browser instance to the optional ``url``.</doc>
<msg timestamp="20221129 23:53:06.248" level="INFO">Opening browser 'Chrome' to base url 'https://scouts-test.futbolkolektyw.pl/en'.</msg>
<status status="PASS" starttime="20221129 23:53:06.247" endtime="20221129 23:53:09.256"/>
</kw>
<kw name="Title Should Be" library="SeleniumLibrary">
<arg>Scouts panel - sign in</arg>
<doc>Verifies that the current page title equals ``title``.</doc>
<msg timestamp="20221129 23:53:09.262" level="INFO">Page title is 'Scouts panel - sign in'.</msg>
<status status="PASS" starttime="20221129 23:53:09.257" endtime="20221129 23:53:09.262"/>
</kw>
<status status="PASS" starttime="20221129 23:53:06.247" endtime="20221129 23:53:09.262"/>
</kw>
<kw name="Click on Language Button">
<kw name="Click Element" library="SeleniumLibrary">
<arg>${LANGUAGE BUTTON}</arg>
<doc>Click the element identified by ``locator``.</doc>
<msg timestamp="20221129 23:53:09.264" level="INFO">Clicking element 'xpath=//*[@aria-haspopup='listbox']'.</msg>
<status status="PASS" starttime="20221129 23:53:09.263" endtime="20221129 23:53:09.382"/>
</kw>
<status status="PASS" starttime="20221129 23:53:09.263" endtime="20221129 23:53:09.382"/>
</kw>
<kw name="Choose language from a list">
<kw name="Wait Until Page Contains Element" library="SeleniumLibrary">
<arg>${LANGUAGE PL}</arg>
<doc>Waits until the element ``locator`` appears on the current page.</doc>
<status status="PASS" starttime="20221129 23:53:09.383" endtime="20221129 23:53:09.398"/>
</kw>
<kw name="Click Element" library="SeleniumLibrary">
<arg>${LANGUAGE PL}</arg>
<doc>Click the element identified by ``locator``.</doc>
<msg timestamp="20221129 23:53:09.399" level="INFO">Clicking element 'xpath=//*[@data-value='pl']'.</msg>
<status status="PASS" starttime="20221129 23:53:09.398" endtime="20221129 23:53:09.497"/>
</kw>
<status status="PASS" starttime="20221129 23:53:09.382" endtime="20221129 23:53:09.497"/>
</kw>
<kw name="Assert Selected Language">
<kw name="Wait Until Element Is Visible" library="SeleniumLibrary">
<arg>${LANGUAGE BUTTON}</arg>
<doc>Waits until the element ``locator`` is visible.</doc>
<status status="PASS" starttime="20221129 23:53:09.498" endtime="20221129 23:53:09.538"/>
</kw>
<kw name="Element Text Should Be" library="SeleniumLibrary">
<arg>${LANGUAGE BUTTON}</arg>
<arg>Polski</arg>
<doc>Verifies that element ``locator`` contains exact the text ``expected``.</doc>
<msg timestamp="20221129 23:53:09.539" level="INFO">Verifying element 'xpath=//*[@aria-haspopup='listbox']' contains exact text 'Polski'.</msg>
<status status="PASS" starttime="20221129 23:53:09.539" endtime="20221129 23:53:09.570"/>
</kw>
<kw name="Capture Page Screenshot" library="SeleniumLibrary">
<arg>screenshots/login_page_language_changed.png</arg>
<doc>Takes a screenshot of the current page and embeds it into a log file.</doc>
<msg timestamp="20221129 23:53:09.863" level="INFO" html="true">&lt;/td&gt;&lt;/tr&gt;&lt;tr&gt;&lt;td colspan="3"&gt;&lt;a href="screenshots/login_page_language_changed.png"&gt;&lt;img src="screenshots/login_page_language_changed.png" width="800px"&gt;&lt;/a&gt;</msg>
<status status="PASS" starttime="20221129 23:53:09.571" endtime="20221129 23:53:09.863"/>
</kw>
<status status="PASS" starttime="20221129 23:53:09.497" endtime="20221129 23:53:09.863"/>
</kw>
<kw name="Close Browser" library="SeleniumLibrary" type="TEARDOWN">
<doc>Closes the current browser.</doc>
<status status="PASS" starttime="20221129 23:53:09.864" endtime="20221129 23:53:10.027"/>
</kw>
<status status="PASS" starttime="20221129 23:53:06.246" endtime="20221129 23:53:10.027"/>
</test>
<test id="s1-s1-t7" name="Log out of the system" line="84">
<kw name="Open login page">
<kw name="Open Browser" library="SeleniumLibrary">
<arg>${LOGIN URL}</arg>
<arg>${BROWSER}</arg>
<doc>Opens a new browser instance to the optional ``url``.</doc>
<msg timestamp="20221129 23:53:10.029" level="INFO">Opening browser 'Chrome' to base url 'https://scouts-test.futbolkolektyw.pl/en'.</msg>
<status status="PASS" starttime="20221129 23:53:10.029" endtime="20221129 23:53:13.186"/>
</kw>
<kw name="Title Should Be" library="SeleniumLibrary">
<arg>Scouts panel - sign in</arg>
<doc>Verifies that the current page title equals ``title``.</doc>
<msg timestamp="20221129 23:53:13.193" level="INFO">Page title is 'Scouts panel - sign in'.</msg>
<status status="PASS" starttime="20221129 23:53:13.186" endtime="20221129 23:53:13.194"/>
</kw>
<status status="PASS" starttime="20221129 23:53:10.028" endtime="20221129 23:53:13.194"/>
</kw>
<kw name="Type in email">
<kw name="Input Text" library="SeleniumLibrary">
<arg>${LOGININPUT}</arg>
<arg>user07@getnada.com</arg>
<doc>Types the given ``text`` into the text field identified by ``locator``.</doc>
<msg timestamp="20221129 23:53:13.195" level="INFO">Typing text 'user07@getnada.com' into text field 'xpath=//*[@id='login']'.</msg>
<status status="PASS" starttime="20221129 23:53:13.195" endtime="20221129 23:53:13.563"/>
</kw>
<status status="PASS" starttime="20221129 23:53:13.194" endtime="20221129 23:53:13.563"/>
</kw>
<kw name="Type in password">
<kw name="Input Text" library="SeleniumLibrary">
<arg>${PASSWORDINPUT}</arg>
<arg>Test-1234</arg>
<doc>Types the given ``text`` into the text field identified by ``locator``.</doc>
<msg timestamp="20221129 23:53:13.565" level="INFO">Typing text 'Test-1234' into text field 'xpath=//*[@id='password']'.</msg>
<status status="PASS" starttime="20221129 23:53:13.564" endtime="20221129 23:53:13.710"/>
</kw>
<status status="PASS" starttime="20221129 23:53:13.564" endtime="20221129 23:53:13.711"/>
</kw>
<kw name="Click on the Signin Button">
<kw name="Click Element" library="SeleniumLibrary">
<arg>${SIGNINBUTTON}</arg>
<doc>Click the element identified by ``locator``.</doc>
<msg timestamp="20221129 23:53:13.713" level="INFO">Clicking element 'xpath=//button[@type='submit']'.</msg>
<status status="PASS" starttime="20221129 23:53:13.712" endtime="20221129 23:53:13.825"/>
</kw>
<status status="PASS" starttime="20221129 23:53:13.711" endtime="20221129 23:53:13.825"/>
</kw>
<kw name="Click on the Signout Button">
<kw name="Wait Until Element Is Visible" library="SeleniumLibrary">
<arg>${SIGN OUT BUTTON}</arg>
<doc>Waits until the element ``locator`` is visible.</doc>
<status status="PASS" starttime="20221129 23:53:13.826" endtime="20221129 23:53:14.831"/>
</kw>
<kw name="Click Element" library="SeleniumLibrary">
<arg>${SIGN OUT BUTTON}</arg>
<doc>Click the element identified by ``locator``.</doc>
<msg timestamp="20221129 23:53:14.832" level="INFO">Clicking element 'xpath=//ul[2]/div[2]'.</msg>
<status status="PASS" starttime="20221129 23:53:14.831" endtime="20221129 23:53:14.927"/>
</kw>
<status status="PASS" starttime="20221129 23:53:13.825" endtime="20221129 23:53:14.927"/>
</kw>
<kw name="Assert Login Page">
<kw name="Title Should Be" library="SeleniumLibrary">
<arg>Scouts panel - sign in</arg>
<doc>Verifies that the current page title equals ``title``.</doc>
<msg timestamp="20221129 23:53:14.934" level="INFO">Page title is 'Scouts panel - sign in'.</msg>
<status status="PASS" starttime="20221129 23:53:14.929" endtime="20221129 23:53:14.934"/>
</kw>
<kw name="Capture Page Screenshot" library="SeleniumLibrary">
<arg>screenshots/login_page.png</arg>
<doc>Takes a screenshot of the current page and embeds it into a log file.</doc>
<msg timestamp="20221129 23:53:15.234" level="INFO" html="true">&lt;/td&gt;&lt;/tr&gt;&lt;tr&gt;&lt;td colspan="3"&gt;&lt;a href="screenshots/login_page.png"&gt;&lt;img src="screenshots/login_page.png" width="800px"&gt;&lt;/a&gt;</msg>
<status status="PASS" starttime="20221129 23:53:14.934" endtime="20221129 23:53:15.234"/>
</kw>
<status status="PASS" starttime="20221129 23:53:14.928" endtime="20221129 23:53:15.234"/>
</kw>
<kw name="Close Browser" library="SeleniumLibrary" type="TEARDOWN">
<doc>Closes the current browser.</doc>
<status status="PASS" starttime="20221129 23:53:15.234" endtime="20221129 23:53:15.409"/>
</kw>
<status status="PASS" starttime="20221129 23:53:10.028" endtime="20221129 23:53:15.410"/>
</test>
<test id="s1-s1-t8" name="Add a new player" line="93">
<kw name="Open login page">
<kw name="Open Browser" library="SeleniumLibrary">
<arg>${LOGIN URL}</arg>
<arg>${BROWSER}</arg>
<doc>Opens a new browser instance to the optional ``url``.</doc>
<msg timestamp="20221129 23:53:15.417" level="INFO">Opening browser 'Chrome' to base url 'https://scouts-test.futbolkolektyw.pl/en'.</msg>
<status status="PASS" starttime="20221129 23:53:15.415" endtime="20221129 23:53:18.358"/>
</kw>
<kw name="Title Should Be" library="SeleniumLibrary">
<arg>Scouts panel - sign in</arg>
<doc>Verifies that the current page title equals ``title``.</doc>
<msg timestamp="20221129 23:53:18.367" level="INFO">Page title is 'Scouts panel - sign in'.</msg>
<status status="PASS" starttime="20221129 23:53:18.359" endtime="20221129 23:53:18.367"/>
</kw>
<status status="PASS" starttime="20221129 23:53:15.414" endtime="20221129 23:53:18.367"/>
</kw>
<kw name="Type in email">
<kw name="Input Text" library="SeleniumLibrary">
<arg>${LOGININPUT}</arg>
<arg>user07@getnada.com</arg>
<doc>Types the given ``text`` into the text field identified by ``locator``.</doc>
<msg timestamp="20221129 23:53:18.369" level="INFO">Typing text 'user07@getnada.com' into text field 'xpath=//*[@id='login']'.</msg>
<status status="PASS" starttime="20221129 23:53:18.368" endtime="20221129 23:53:18.641"/>
</kw>
<status status="PASS" starttime="20221129 23:53:18.368" endtime="20221129 23:53:18.641"/>
</kw>
<kw name="Type in password">
<kw name="Input Text" library="SeleniumLibrary">
<arg>${PASSWORDINPUT}</arg>
<arg>Test-1234</arg>
<doc>Types the given ``text`` into the text field identified by ``locator``.</doc>
<msg timestamp="20221129 23:53:18.642" level="INFO">Typing text 'Test-1234' into text field 'xpath=//*[@id='password']'.</msg>
<status status="PASS" starttime="20221129 23:53:18.642" endtime="20221129 23:53:18.797"/>
</kw>
<status status="PASS" starttime="20221129 23:53:18.642" endtime="20221129 23:53:18.798"/>
</kw>
<kw name="Click on the Signin Button">
<kw name="Click Element" library="SeleniumLibrary">
<arg>${SIGNINBUTTON}</arg>
<doc>Click the element identified by ``locator``.</doc>
<msg timestamp="20221129 23:53:18.799" level="INFO">Clicking element 'xpath=//button[@type='submit']'.</msg>
<status status="PASS" starttime="20221129 23:53:18.798" endtime="20221129 23:53:18.869"/>
</kw>
<status status="PASS" starttime="20221129 23:53:18.798" endtime="20221129 23:53:18.869"/>
</kw>
<kw name="Click on Add Player link">
<kw name="Wait Until Element Is Visible" library="SeleniumLibrary">
<arg>${ADD PLAYER HYPERLINK}</arg>
<doc>Waits until the element ``locator`` is visible.</doc>
<status status="PASS" starttime="20221129 23:53:18.870" endtime="20221129 23:53:19.960"/>
</kw>
<kw name="Click Element" library="SeleniumLibrary">
<arg>${ADD PLAYER HYPERLINK}</arg>
<doc>Click the element identified by ``locator``.</doc>
<msg timestamp="20221129 23:53:19.961" level="INFO">Clicking element 'xpath=(//a[1]/button)[1]'.</msg>
<status status="PASS" starttime="20221129 23:53:19.960" endtime="20221129 23:53:20.022"/>
</kw>
<status status="PASS" starttime="20221129 23:53:18.870" endtime="20221129 23:53:20.022"/>
</kw>
<kw name="Type in Player Email">
<kw name="Wait Until Element Is Visible" library="SeleniumLibrary">
<arg>${EMAIL INPUT}</arg>
<doc>Waits until the element ``locator`` is visible.</doc>
<status status="PASS" starttime="20221129 23:53:20.023" endtime="20221129 23:53:20.191"/>
</kw>
<kw name="Input Text" library="SeleniumLibrary">
<arg>${EMAIL INPUT}</arg>
<arg>ronaldo@gmail.com</arg>
<doc>Types the given ``text`` into the text field identified by ``locator``.</doc>
<msg timestamp="20221129 23:53:20.192" level="INFO">Typing text 'ronaldo@gmail.com' into text field 'xpath=//input[@name='email']'.</msg>
<status status="PASS" starttime="20221129 23:53:20.192" endtime="20221129 23:53:20.378"/>
</kw>
<status status="PASS" starttime="20221129 23:53:20.022" endtime="20221129 23:53:20.378"/>
</kw>
<kw name="Type in Name">
<kw name="Wait Until Element Is Visible" library="SeleniumLibrary">
<arg>${NAME INPUT}</arg>
<doc>Waits until the element ``locator`` is visible.</doc>
<status status="PASS" starttime="20221129 23:53:20.378" endtime="20221129 23:53:20.402"/>
</kw>
<kw name="Input Text" library="SeleniumLibrary">
<arg>${NAME INPUT}</arg>
<arg>Cristiano</arg>
<doc>Types the given ``text`` into the text field identified by ``locator``.</doc>
<msg timestamp="20221129 23:53:20.403" level="INFO">Typing text 'Cristiano' into text field 'xpath=//input[@name='name']'.</msg>
<status status="PASS" starttime="20221129 23:53:20.403" endtime="20221129 23:53:20.584"/>
</kw>
<status status="PASS" starttime="20221129 23:53:20.378" endtime="20221129 23:53:20.584"/>
</kw>
<kw name="Type in Surname">
<kw name="Input Text" library="SeleniumLibrary">
<arg>${SURNAME INPUT}</arg>
<arg>Ronaldo</arg>
<doc>Types the given ``text`` into the text field identified by ``locator``.</doc>
<msg timestamp="20221129 23:53:20.585" level="INFO">Typing text 'Ronaldo' into text field 'xpath=//input[@name='surname']'.</msg>
<status status="PASS" starttime="20221129 23:53:20.585" endtime="20221129 23:53:20.732"/>
</kw>
<status status="PASS" starttime="20221129 23:53:20.585" endtime="20221129 23:53:20.732"/>
</kw>
<kw name="Type in Phone">
<kw name="Input Text" library="SeleniumLibrary">
<arg>${PHONE INPUT}</arg>
<arg>345678912345</arg>
<doc>Types the given ``text`` into the text field identified by ``locator``.</doc>
<msg timestamp="20221129 23:53:20.734" level="INFO">Typing text '345678912345' into text field 'xpath=//input[@name='phone']'.</msg>
<status status="PASS" starttime="20221129 23:53:20.733" endtime="20221129 23:53:20.943"/>
</kw>
<status status="PASS" starttime="20221129 23:53:20.733" endtime="20221129 23:53:20.943"/>
</kw>
<kw name="Type in Weight">
<kw name="Input Text" library="SeleniumLibrary">
<arg>${WEIGHT INPUT}</arg>
<arg>85</arg>
<doc>Types the given ``text`` into the text field identified by ``locator``.</doc>
<msg timestamp="20221129 23:53:20.944" level="INFO">Typing text '85' into text field 'xpath=//input[@name='weight']'.</msg>
<status status="PASS" starttime="20221129 23:53:20.943" endtime="20221129 23:53:21.061"/>
</kw>
<status status="PASS" starttime="20221129 23:53:20.943" endtime="20221129 23:53:21.061"/>
</kw>
<kw name="Type in Height">
<kw name="Input Text" library="SeleniumLibrary">
<arg>${HEGHT INPUT}</arg>
<arg>185</arg>
<doc>Types the given ``text`` into the text field identified by ``locator``.</doc>
<msg timestamp="20221129 23:53:21.063" level="INFO">Typing text '185' into text field 'xpath=//input[@name='height']'.</msg>
<status status="PASS" starttime="20221129 23:53:21.062" endtime="20221129 23:53:21.196"/>
</kw>
<status status="PASS" starttime="20221129 23:53:21.062" endtime="20221129 23:53:21.196"/>
</kw>
<kw name="Type in Age">
<kw name="Input Text" library="SeleniumLibrary">
<arg>${AGE INPUT}</arg>
<arg>05.02.1985</arg>
<doc>Types the given ``text`` into the text field identified by ``locator``.</doc>
<msg timestamp="20221129 23:53:21.197" level="INFO">Typing text '05.02.1985' into text field 'xpath=//input[@name='age']'.</msg>
<status status="PASS" starttime="20221129 23:53:21.197" endtime="20221129 23:53:21.361"/>
</kw>
<status status="PASS" starttime="20221129 23:53:21.197" endtime="20221129 23:53:21.362"/>
</kw>
<kw name="Type in Club">
<kw name="Input Text" library="SeleniumLibrary">
<arg>${CLUB INPUT}</arg>
<arg>Real Madrid</arg>
<doc>Types the given ``text`` into the text field identified by ``locator``.</doc>
<msg timestamp="20221129 23:53:21.363" level="INFO">Typing text 'Real Madrid' into text field 'xpath=//input[@name='club']'.</msg>
<status status="PASS" starttime="20221129 23:53:21.362" endtime="20221129 23:53:21.538"/>
</kw>
<status status="PASS" starttime="20221129 23:53:21.362" endtime="20221129 23:53:21.539"/>
</kw>
<kw name="Type in Level">
<kw name="Input Text" library="SeleniumLibrary">
<arg>${LEVEL INPUT}</arg>
<arg>High</arg>
<doc>Types the given ``text`` into the text field identified by ``locator``.</doc>
<msg timestamp="20221129 23:53:21.540" level="INFO">Typing text 'High' into text field 'xpath=//input[@name='level']'.</msg>
<status status="PASS" starttime="20221129 23:53:21.539" endtime="20221129 23:53:21.666"/>
</kw>
<status status="PASS" starttime="20221129 23:53:21.539" endtime="20221129 23:53:21.666"/>
</kw>
<kw name="Type in Main Position">
<kw name="Input Text" library="SeleniumLibrary">
<arg>${MAIN POSITION INPUT}</arg>
<arg>Forward</arg>
<doc>Types the given ``text`` into the text field identified by ``locator``.</doc>
<msg timestamp="20221129 23:53:21.667" level="INFO">Typing text 'Forward' into text field 'xpath=//input[@name='mainPosition']'.</msg>
<status status="PASS" starttime="20221129 23:53:21.666" endtime="20221129 23:53:21.820"/>
</kw>
<status status="PASS" starttime="20221129 23:53:21.666" endtime="20221129 23:53:21.820"/>
</kw>
<kw name="Type in Second Position">
<kw name="Input Text" library="SeleniumLibrary">
<arg>${SECOND POSITION INPUT}</arg>
<arg>Any</arg>
<doc>Types the given ``text`` into the text field identified by ``locator``.</doc>
<msg timestamp="20221129 23:53:21.822" level="INFO">Typing text 'Any' into text field 'xpath=//input[@name='secondPosition']'.</msg>
<status status="PASS" starttime="20221129 23:53:21.821" endtime="20221129 23:53:21.949"/>
</kw>
<status status="PASS" starttime="20221129 23:53:21.821" endtime="20221129 23:53:21.949"/>
</kw>
<kw name="Choose District">
<kw name="Click Element" library="SeleniumLibrary">
<arg>${DISTRICT BUTTON}</arg>
<doc>Click the element identified by ``locator``.</doc>
<msg timestamp="20221129 23:53:21.950" level="INFO">Clicking element 'xpath=//*[@id='mui-component-select-district']'.</msg>
<status status="PASS" starttime="20221129 23:53:21.950" endtime="20221129 23:53:22.048"/>
</kw>
<kw name="Wait Until Element Is Visible" library="SeleniumLibrary">
<arg>${DISTRICT BUTTON_LIST}</arg>
<doc>Waits until the element ``locator`` is visible.</doc>
<status status="PASS" starttime="20221129 23:53:22.048" endtime="20221129 23:53:22.086"/>
</kw>
<kw name="Click Element" library="SeleniumLibrary">
<arg>${DISTRICT OPOLE}</arg>
<doc>Click the element identified by ``locator``.</doc>
<msg timestamp="20221129 23:53:22.086" level="INFO">Clicking element 'xpath=//*[@data-value='opolskie']'.</msg>
<status status="PASS" starttime="20221129 23:53:22.086" endtime="20221129 23:53:22.200"/>
</kw>
<status status="PASS" starttime="20221129 23:53:21.950" endtime="20221129 23:53:22.201"/>
</kw>
<kw name="Click on Submit Button">
<kw name="Wait Until Element Is Visible" library="SeleniumLibrary">
<arg>${SUBMIT BUTTON}</arg>
<doc>Waits until the element ``locator`` is visible.</doc>
<status status="PASS" starttime="20221129 23:53:22.203" endtime="20221129 23:53:22.239"/>
</kw>
<kw name="Click Element" library="SeleniumLibrary">
<arg>${SUBMIT BUTTON}</arg>
<doc>Click the element identified by ``locator``.</doc>
<msg timestamp="20221129 23:53:22.240" level="INFO">Clicking element 'xpath=//button[@type='submit']'.</msg>
<status status="PASS" starttime="20221129 23:53:22.239" endtime="20221129 23:53:22.597"/>
</kw>
<status status="PASS" starttime="20221129 23:53:22.202" endtime="20221129 23:53:22.598"/>
</kw>
<kw name="Assert Saved Player message">
<kw name="Wait Until Element Is Visible" library="SeleniumLibrary">
<arg>${ALERT MESSAGE}</arg>
<doc>Waits until the element ``locator`` is visible.</doc>
<status status="PASS" starttime="20221129 23:53:22.598" endtime="20221129 23:53:23.130"/>
</kw>
<kw name="Element Text Should Be" library="SeleniumLibrary">
<arg>${ALERT MESSAGE}</arg>
<arg>Added player.</arg>
<doc>Verifies that element ``locator`` contains exact the text ``expected``.</doc>
<msg timestamp="20221129 23:53:23.131" level="INFO">Verifying element 'xpath=//*[@role='alert']' contains exact text 'Added player.'.</msg>
<status status="PASS" starttime="20221129 23:53:23.130" endtime="20221129 23:53:23.157"/>
</kw>
<kw name="Capture Page Screenshot" library="SeleniumLibrary">
<arg>screenshots/new_player_added.png</arg>
<doc>Takes a screenshot of the current page and embeds it into a log file.</doc>
<msg timestamp="20221129 23:53:23.530" level="INFO" html="true">&lt;/td&gt;&lt;/tr&gt;&lt;tr&gt;&lt;td colspan="3"&gt;&lt;a href="screenshots/new_player_added.png"&gt;&lt;img src="screenshots/new_player_added.png" width="800px"&gt;&lt;/a&gt;</msg>
<status status="PASS" starttime="20221129 23:53:23.157" endtime="20221129 23:53:23.530"/>
</kw>
<status status="PASS" starttime="20221129 23:53:22.598" endtime="20221129 23:53:23.530"/>
</kw>
<kw name="Assert Edit Page">
<kw name="Element Should Contain" library="SeleniumLibrary">
<arg>${EDIT PLAYER TITLE}</arg>
<arg>Edit player</arg>
<doc>Verifies that element ``locator`` contains text ``expected``.</doc>
<msg timestamp="20221129 23:53:23.557" level="INFO">Element 'xpath=//*[@class='MuiCardHeader-root']//span' contains text 'Edit player'.</msg>
<status status="PASS" starttime="20221129 23:53:23.531" endtime="20221129 23:53:23.557"/>
</kw>
<kw name="Capture Page Screenshot" library="SeleniumLibrary">
<arg>screenshots/edit_player_form.png</arg>
<doc>Takes a screenshot of the current page and embeds it into a log file.</doc>
<msg timestamp="20221129 23:53:23.845" level="INFO" html="true">&lt;/td&gt;&lt;/tr&gt;&lt;tr&gt;&lt;td colspan="3"&gt;&lt;a href="screenshots/edit_player_form.png"&gt;&lt;img src="screenshots/edit_player_form.png" width="800px"&gt;&lt;/a&gt;</msg>
<status status="PASS" starttime="20221129 23:53:23.557" endtime="20221129 23:53:23.845"/>
</kw>
<status status="PASS" starttime="20221129 23:53:23.530" endtime="20221129 23:53:23.845"/>
</kw>
<kw name="Close Browser" library="SeleniumLibrary" type="TEARDOWN">
<doc>Closes the current browser.</doc>
<status status="PASS" starttime="20221129 23:53:23.845" endtime="20221129 23:53:24.034"/>
</kw>
<status status="PASS" starttime="20221129 23:53:15.412" endtime="20221129 23:53:24.034"/>
</test>
<test id="s1-s1-t9" name="Clear add player form" line="116">
<kw name="Open login page">
<kw name="Open Browser" library="SeleniumLibrary">
<arg>${LOGIN URL}</arg>
<arg>${BROWSER}</arg>
<doc>Opens a new browser instance to the optional ``url``.</doc>
<msg timestamp="20221129 23:53:24.043" level="INFO">Opening browser 'Chrome' to base url 'https://scouts-test.futbolkolektyw.pl/en'.</msg>
<status status="PASS" starttime="20221129 23:53:24.042" endtime="20221129 23:53:26.994"/>
</kw>
<kw name="Title Should Be" library="SeleniumLibrary">
<arg>Scouts panel - sign in</arg>
<doc>Verifies that the current page title equals ``title``.</doc>
<msg timestamp="20221129 23:53:27.003" level="INFO">Page title is 'Scouts panel - sign in'.</msg>
<status status="PASS" starttime="20221129 23:53:26.994" endtime="20221129 23:53:27.003"/>
</kw>
<status status="PASS" starttime="20221129 23:53:24.040" endtime="20221129 23:53:27.004"/>
</kw>
<kw name="Type in email">
<kw name="Input Text" library="SeleniumLibrary">
<arg>${LOGININPUT}</arg>
<arg>user07@getnada.com</arg>
<doc>Types the given ``text`` into the text field identified by ``locator``.</doc>
<msg timestamp="20221129 23:53:27.011" level="INFO">Typing text 'user07@getnada.com' into text field 'xpath=//*[@id='login']'.</msg>
<status status="PASS" starttime="20221129 23:53:27.008" endtime="20221129 23:53:27.257"/>
</kw>
<status status="PASS" starttime="20221129 23:53:27.005" endtime="20221129 23:53:27.258"/>
</kw>
<kw name="Type in password">
<kw name="Input Text" library="SeleniumLibrary">
<arg>${PASSWORDINPUT}</arg>
<arg>Test-1234</arg>
<doc>Types the given ``text`` into the text field identified by ``locator``.</doc>
<msg timestamp="20221129 23:53:27.260" level="INFO">Typing text 'Test-1234' into text field 'xpath=//*[@id='password']'.</msg>
<status status="PASS" starttime="20221129 23:53:27.259" endtime="20221129 23:53:27.413"/>
</kw>
<status status="PASS" starttime="20221129 23:53:27.258" endtime="20221129 23:53:27.413"/>
</kw>
<kw name="Click on the Signin Button">
<kw name="Click Element" library="SeleniumLibrary">
<arg>${SIGNINBUTTON}</arg>
<doc>Click the element identified by ``locator``.</doc>
<msg timestamp="20221129 23:53:27.415" level="INFO">Clicking element 'xpath=//button[@type='submit']'.</msg>
<status status="PASS" starttime="20221129 23:53:27.414" endtime="20221129 23:53:27.489"/>
</kw>
<status status="PASS" starttime="20221129 23:53:27.414" endtime="20221129 23:53:27.489"/>
</kw>
<kw name="Click on Add Player link">
<kw name="Wait Until Element Is Visible" library="SeleniumLibrary">
<arg>${ADD PLAYER HYPERLINK}</arg>
<doc>Waits until the element ``locator`` is visible.</doc>
<status status="PASS" starttime="20221129 23:53:27.490" endtime="20221129 23:53:28.588"/>
</kw>
<kw name="Click Element" library="SeleniumLibrary">
<arg>${ADD PLAYER HYPERLINK}</arg>
<doc>Click the element identified by ``locator``.</doc>
<msg timestamp="20221129 23:53:28.589" level="INFO">Clicking element 'xpath=(//a[1]/button)[1]'.</msg>
<status status="PASS" starttime="20221129 23:53:28.589" endtime="20221129 23:53:28.661"/>
</kw>
<status status="PASS" starttime="20221129 23:53:27.490" endtime="20221129 23:53:28.662"/>
</kw>
<kw name="Type in Name">
<kw name="Wait Until Element Is Visible" library="SeleniumLibrary">
<arg>${NAME INPUT}</arg>
<doc>Waits until the element ``locator`` is visible.</doc>
<status status="PASS" starttime="20221129 23:53:28.663" endtime="20221129 23:53:28.827"/>
</kw>
<kw name="Input Text" library="SeleniumLibrary">
<arg>${NAME INPUT}</arg>
<arg>Cristiano</arg>
<doc>Types the given ``text`` into the text field identified by ``locator``.</doc>
<msg timestamp="20221129 23:53:28.828" level="INFO">Typing text 'Cristiano' into text field 'xpath=//input[@name='name']'.</msg>
<status status="PASS" starttime="20221129 23:53:28.828" endtime="20221129 23:53:28.992"/>
</kw>
<status status="PASS" starttime="20221129 23:53:28.662" endtime="20221129 23:53:28.992"/>
</kw>
<kw name="Type in Surname">
<kw name="Input Text" library="SeleniumLibrary">
<arg>${SURNAME INPUT}</arg>
<arg>Ronaldo</arg>
<doc>Types the given ``text`` into the text field identified by ``locator``.</doc>
<msg timestamp="20221129 23:53:28.993" level="INFO">Typing text 'Ronaldo' into text field 'xpath=//input[@name='surname']'.</msg>
<status status="PASS" starttime="20221129 23:53:28.992" endtime="20221129 23:53:29.137"/>
</kw>
<status status="PASS" starttime="20221129 23:53:28.992" endtime="20221129 23:53:29.137"/>
</kw>
<kw name="Type in Age">
<kw name="Input Text" library="SeleniumLibrary">
<arg>${AGE INPUT}</arg>
<arg>05.02.1985</arg>
<doc>Types the given ``text`` into the text field identified by ``locator``.</doc>
<msg timestamp="20221129 23:53:29.138" level="INFO">Typing text '05.02.1985' into text field 'xpath=//input[@name='age']'.</msg>
<status status="PASS" starttime="20221129 23:53:29.137" endtime="20221129 23:53:29.287"/>
</kw>
<status status="PASS" starttime="20221129 23:53:29.137" endtime="20221129 23:53:29.288"/>
</kw>
<kw name="Type in Main Position">
<kw name="Input Text" library="SeleniumLibrary">
<arg>${MAIN POSITION INPUT}</arg>
<arg>Forward</arg>
<doc>Types the given ``text`` into the text field identified by ``locator``.</doc>
<msg timestamp="20221129 23:53:29.290" level="INFO">Typing text 'Forward' into text field 'xpath=//input[@name='mainPosition']'.</msg>
<status status="PASS" starttime="20221129 23:53:29.288" endtime="20221129 23:53:29.446"/>
</kw>
<status status="PASS" starttime="20221129 23:53:29.288" endtime="20221129 23:53:29.446"/>
</kw>
<kw name="Click on Clear Button">
<kw name="Wait Until Element Is Visible" library="SeleniumLibrary">
<arg>${CLEAR BUTTON}</arg>
<doc>Waits until the element ``locator`` is visible.</doc>
<status status="PASS" starttime="20221129 23:53:29.447" endtime="20221129 23:53:29.474"/>
</kw>
<kw name="Click Element" library="SeleniumLibrary">
<arg>${CLEAR BUTTON}</arg>
<doc>Click the element identified by ``locator``.</doc>
<msg timestamp="20221129 23:53:29.475" level="INFO">Clicking element 'xpath=//button[contains(@class,'containedSecondary')]'.</msg>
<status status="PASS" starttime="20221129 23:53:29.474" endtime="20221129 23:53:29.566"/>
</kw>
<status status="PASS" starttime="20221129 23:53:29.446" endtime="20221129 23:53:29.566"/>
</kw>
<kw name="Assert fields are empty">
<kw name="Element Text Should Be" library="SeleniumLibrary">
<arg>${NAME INPUT}</arg>
<arg>${EMPTY}</arg>
<doc>Verifies that element ``locator`` contains exact the text ``expected``.</doc>
<msg timestamp="20221129 23:53:29.570" level="INFO">Verifying element 'xpath=//input[@name='name']' contains exact text ''.</msg>
<status status="PASS" starttime="20221129 23:53:29.567" endtime="20221129 23:53:29.618"/>
</kw>
<kw name="Element Text Should Be" library="SeleniumLibrary">
<arg>${SURNAME INPUT}</arg>
<arg>${EMPTY}</arg>
<doc>Verifies that element ``locator`` contains exact the text ``expected``.</doc>
<msg timestamp="20221129 23:53:29.622" level="INFO">Verifying element 'xpath=//input[@name='surname']' contains exact text ''.</msg>
<status status="PASS" starttime="20221129 23:53:29.618" endtime="20221129 23:53:29.667"/>
</kw>
<kw name="Element Text Should Be" library="SeleniumLibrary">
<arg>${AGE INPUT}</arg>
<arg>${EMPTY}</arg>
<doc>Verifies that element ``locator`` contains exact the text ``expected``.</doc>
<msg timestamp="20221129 23:53:29.671" level="INFO">Verifying element 'xpath=//input[@name='age']' contains exact text ''.</msg>
<status status="PASS" starttime="20221129 23:53:29.667" endtime="20221129 23:53:29.705"/>
</kw>
<kw name="Element Text Should Be" library="SeleniumLibrary">
<arg>${MAIN POSITION INPUT}</arg>
<arg>${EMPTY}</arg>
<doc>Verifies that element ``locator`` contains exact the text ``expected``.</doc>
<msg timestamp="20221129 23:53:29.707" level="INFO">Verifying element 'xpath=//input[@name='mainPosition']' contains exact text ''.</msg>
<status status="PASS" starttime="20221129 23:53:29.705" endtime="20221129 23:53:29.740"/>
</kw>
<kw name="Capture Page Screenshot" library="SeleniumLibrary">
<arg>screenshots/Add_player_form_is_empty.png</arg>
<doc>Takes a screenshot of the current page and embeds it into a log file.</doc>
<msg timestamp="20221129 23:53:30.019" level="INFO" html="true">&lt;/td&gt;&lt;/tr&gt;&lt;tr&gt;&lt;td colspan="3"&gt;&lt;a href="screenshots/Add_player_form_is_empty.png"&gt;&lt;img src="screenshots/Add_player_form_is_empty.png" width="800px"&gt;&lt;/a&gt;</msg>
<status status="PASS" starttime="20221129 23:53:29.740" endtime="20221129 23:53:30.019"/>
</kw>
<status status="PASS" starttime="20221129 23:53:29.567" endtime="20221129 23:53:30.019"/>
</kw>
<kw name="Close Browser" library="SeleniumLibrary" type="TEARDOWN">
<doc>Closes the current browser.</doc>
<status status="PASS" starttime="20221129 23:53:30.019" endtime="20221129 23:53:30.202"/>
</kw>
<status status="PASS" starttime="20221129 23:53:24.036" endtime="20221129 23:53:30.202"/>
</test>
<doc>Suite description #automated tests for scout website</doc>
<status status="PASS" starttime="20221129 23:52:39.382" endtime="20221129 23:53:30.205"/>
</suite>
<status status="PASS" starttime="20221129 23:52:39.350" endtime="20221129 23:53:30.218"/>
</suite>
<statistics>
<total>
<stat pass="9" fail="0" skip="0">All Tests</stat>
</total>
<tag>
</tag>
<suite>
<stat pass="9" fail="0" skip="0" id="s1" name="Challenge Elvira Robotframework">Challenge Elvira Robotframework</stat>
<stat pass="9" fail="0" skip="0" id="s1-s1" name="Test Scouts App Rf">Challenge Elvira Robotframework.Test Scouts App Rf</stat>
</suite>
</statistics>
<errors>
</errors>
</robot>
